#-----------------------------------------------------------
# Vivado v2015.2 (64-bit)
# SW Build 1266856 on Fri Jun 26 16:35:25 MDT 2015
# IP Build 1264090 on Wed Jun 24 14:22:01 MDT 2015
# Start of session at: Mon Nov 13 19:29:26 2017
# Process ID: 4124
# Log file: D:/Users/TEMP.PCLABS.001/Desktop/lab4_2/vivado.log
# Journal file: D:/Users/TEMP.PCLABS.001/Desktop/lab4_2\vivado.jou
#-----------------------------------------------------------
start_gui
open_project D:/Users/TEMP.PCLABS.001/Desktop/lab4_2/lab4_2.xpr
Scanning sources...
Finished scanning sources
INFO: [IP_Flow 19-234] Refreshing IP repositories
INFO: [IP_Flow 19-1704] No user IP repositories specified
INFO: [IP_Flow 19-2313] Loaded Vivado IP repository 'C:/Xilinx/Vivado/2015.2/data/ip'.
launch_simulation
INFO: [USF-XSim-27] Simulation object is 'sim_1'
INFO: [USF-XSim-37] Inspecting design source files for 'test3bitcounter' in fileset 'sim_1'...
INFO: [USF-XSim-66] Exported 'D:/Users/TEMP.PCLABS.001/Desktop/lab4_2/lab4_2.srcs/sim_1/new/test3bitcounter.sv'
INFO: [USF-XSim-66] Exported 'D:/Users/TEMP.PCLABS.001/Desktop/lab4_2/lab4_2.srcs/sim_1/new/test3bitcounterclk.sv'
INFO: [USF-XSim-97] Finding global include files...
INFO: [USF-XSim-98] Fetching design files from 'sim_1'...
INFO: [USF-XSim-2] XSim::Compile design
INFO: [USF-XSim-61] Executing 'COMPILE' step in 'D:/Users/TEMP.PCLABS.001/Desktop/lab4_2/lab4_2.sim/sim_1/behav'
"xvlog -m64 --relax -prj test3bitcounter_vlog.prj"
INFO: [VRFC 10-2263] Analyzing SystemVerilog file "D:/Users/TEMP.PCLABS.001/Desktop/lab4_2/lab4_2.srcs/sources_1/new/ThreeBitGrayCounter.sv" into library xil_defaultlib
INFO: [VRFC 10-311] analyzing module ThreeBitGrayCounter
INFO: [VRFC 10-311] analyzing module ThreeBitGrayCounterClk
INFO: [VRFC 10-311] analyzing module ClockDivider
INFO: [VRFC 10-2263] Analyzing SystemVerilog file "D:/Users/TEMP.PCLABS.001/Desktop/lab4_2/lab4_2.srcs/sim_1/new/test3bitcounter.sv" into library xil_defaultlib
INFO: [VRFC 10-311] analyzing module test3bitcounter
INFO: [VRFC 10-2263] Analyzing Verilog file "D:/Users/TEMP.PCLABS.001/Desktop/lab4_2/lab4_2.sim/sim_1/behav/glbl.v" into library xil_defaultlib
INFO: [VRFC 10-311] analyzing module glbl
INFO: [USF-XSim-3] XSim::Elaborate design
INFO: [USF-XSim-61] Executing 'ELABORATE' step in 'D:/Users/TEMP.PCLABS.001/Desktop/lab4_2/lab4_2.sim/sim_1/behav'
Vivado Simulator 2015.2
Copyright 1986-1999, 2001-2015 Xilinx, Inc. All Rights Reserved.
Running: C:/Xilinx/Vivado/2015.2/bin/unwrapped/win64.o/xelab.exe -wto 65847d2ae740452fbf7e513ea825b3c4 --debug typical --relax --mt 2 -L xil_defaultlib -L unisims_ver -L unimacro_ver -L secureip --snapshot test3bitcounter_behav xil_defaultlib.test3bitcounter xil_defaultlib.glbl -log elaborate.log 
Using 2 slave threads.
Starting static elaboration
Completed static elaboration
Starting simulation data flow analysis
Completed simulation data flow analysis
Time Resolution for simulation is 1ps
Compiling module xil_defaultlib.ThreeBitGrayCounter
Compiling module xil_defaultlib.test3bitcounter
Compiling module xil_defaultlib.glbl
Waiting for 2 sub-compilation(s) to finish...
Built simulation snapshot test3bitcounter_behav

****** Webtalk v2015.2 (64-bit)
  **** SW Build 1266856 on Fri Jun 26 16:35:25 MDT 2015
  **** IP Build 1264090 on Wed Jun 24 14:22:01 MDT 2015
    ** Copyright 1986-2015 Xilinx, Inc. All Rights Reserved.

source D:/Users/TEMP.PCLABS.001/Desktop/lab4_2/lab4_2.sim/sim_1/behav/xsim.dir/test3bitcounter_behav/webtalk/xsim_webtalk.tcl -notrace
INFO: [Common 17-186] 'D:/Users/TEMP.PCLABS.001/Desktop/lab4_2/lab4_2.sim/sim_1/behav/xsim.dir/test3bitcounter_behav/webtalk/usage_statistics_ext_xsim.xml' has been successfully sent to Xilinx on Mon Nov 13 19:35:55 2017. For additional details about this file, please refer to the WebTalk help file at C:/Xilinx/Vivado/2015.2/doc/webtalk_introduction.html.
INFO: [Common 17-206] Exiting Webtalk at Mon Nov 13 19:35:55 2017...
INFO: [USF-XSim-4] XSim::Simulate design
INFO: [USF-XSim-61] Executing 'SIMULATE' step in 'D:/Users/TEMP.PCLABS.001/Desktop/lab4_2/lab4_2.sim/sim_1/behav'
INFO: [USF-XSim-98] *** Running xsim
   with args "test3bitcounter_behav -key {Behavioral:sim_1:Functional:test3bitcounter} -tclbatch {test3bitcounter.tcl} -log {simulate.log}"
INFO: [USF-XSim-8] Loading simulator feature
Vivado Simulator 2015.2
Time resolution is 1 ps
source test3bitcounter.tcl
# set curr_wave [current_wave_config]
# if { [string length $curr_wave] == 0 } {
#   if { [llength [get_objects]] > 0} {
#     add_wave /
#     set_property needs_save false [current_wave_config]
#   } else {
#      send_msg_id Add_Wave-1 WARNING "No top level signals found. Simulator will start without a wave window. If you want to open a wave window go to 'File->New Waveform Configuration' or type 'create_wave_config' in the TCL console."
#   }
# }
# run 1000ns
INFO: [USF-XSim-96] XSim completed. Design snapshot 'test3bitcounter_behav' loaded.
INFO: [USF-XSim-97] XSim simulation ran for 1000ns
launch_simulation: Time (s): cpu = 00:00:03 ; elapsed = 00:00:07 . Memory (MB): peak = 718.305 ; gain = 3.320
launch_runs impl_1 -to_step write_bitstream
[Mon Nov 13 19:56:42 2017] Launched synth_1...
Run output will be captured here: D:/Users/TEMP.PCLABS.001/Desktop/lab4_2/lab4_2.runs/synth_1/runme.log
[Mon Nov 13 19:56:42 2017] Launched impl_1...
Run output will be captured here: D:/Users/TEMP.PCLABS.001/Desktop/lab4_2/lab4_2.runs/impl_1/runme.log
reset_run impl_1 -noclean_dir 
launch_runs impl_1 -to_step write_bitstream
[Mon Nov 13 19:57:41 2017] Launched impl_1...
Run output will be captured here: D:/Users/TEMP.PCLABS.001/Desktop/lab4_2/lab4_2.runs/impl_1/runme.log
reset_run impl_1 -prev_step 
launch_runs impl_1 -to_step write_bitstream
[Mon Nov 13 20:00:14 2017] Launched impl_1...
Run output will be captured here: D:/Users/TEMP.PCLABS.001/Desktop/lab4_2/lab4_2.runs/impl_1/runme.log
close_sim
INFO: [Simtcl 6-16] Simulation closed
exit
INFO: [Common 17-206] Exiting Vivado at Mon Nov 13 20:00:38 2017...
