#
# A fatal error has been detected by the Java Runtime Environment:
#
#  EXCEPTION_ACCESS_VIOLATION (0xc0000005) at pc=0x000007fec66adb9d, pid=5328, tid=0x0000000000001a3c
#
# JRE version: Java(TM) SE Runtime Environment (8.0_112-b15) (build 1.8.0_112-b15)
# Java VM: Java HotSpot(TM) 64-Bit Server VM (25.112-b15 mixed mode windows-amd64 compressed oops)
# Problematic frame:
# C  [librdi_filemgmt.dll+0x11db9d]
#
# Failed to write core dump. Minidumps are not enabled by default on client versions of Windows
#
# If you would like to submit a bug report, please visit:
#   http://bugreport.java.com/bugreport/crash.jsp
# The crash happened outside the Java Virtual Machine in native code.
# See problematic frame for where to report the bug.
#

---------------  T H R E A D  ---------------

Current thread (0x0000000030008000):  JavaThread "Replace File" [_thread_in_native, id=6716, stack(0x000000003b6d0000,0x000000003bbd0000)]

siginfo: ExceptionCode=0xc0000005, reading address 0xffffffffffffffff

Registers:
RAX=0x000000002b7e3d40, RBX=0x000000002e08d6a0, RCX=0x000000002b7e03e0, RDX=0x000000003bbcec50
RSP=0x000000003bbceb40, RBP=0x000000003bbcec60, RSI=0x000000002b7e03e0, RDI=0x0000000000000e58
R8 =0x000000002b7e03e0, R9 =0x000000070229a2d0, R10=0x000007fec66adb70, R11=0x0000000014527760
R12=0x0000000000000000, R13=0x000000003bbced18, R14=0x000000003bbcec50, R15=0x0000000030008000
RIP=0x000007fec66adb9d, EFLAGS=0x0000000000010206

Top of Stack: (sp=0x000000003bbceb40)
0x000000003bbceb40:   000000003bbcedb0 0000000000000000
0x000000003bbceb50:   000000002f83d740 0000000066d79918
0x000000003bbceb60:   00000000300081f8 fffffffffffffffe
0x000000003bbceb70:   0000000000000000 0000000000000000
0x000000003bbceb80:   0000000030008105 0000000012397319
0x000000003bbceb90:   0000000030008000 000000003bbcedb0
0x000000003bbceba0:   000000003bbcedb0 0000000000000000
0x000000003bbcebb0:   000000003bbcecb8 00000000144eadd4
0x000000003bbcebc0:   0000000000000000 0000000000000000
0x000000003bbcebd0:   000000003bbcec48 0000000012287a60
0x000000003bbcebe0:   0000000000000001 00006cedd374823a
0x000000003bbcebf0:   00000007bd2c6c70 00000000135a1d83
0x000000003bbcec00:   00000007bd2c6c70 00000007002e2b00
0x000000003bbcec10:   000000002c9628e4 000000003bbcec60
0x000000003bbcec20:   0000000029321008 000000003189cc38
0x000000003bbcec30:   000000002c962908 0000000000000000 

Instructions: (pc=0x000007fec66adb9d)
0x000007fec66adb7d:   ff ff ff 48 8b 05 19 c7 41 00 48 33 c4 48 89 84
0x000007fec66adb8d:   24 a8 00 00 00 48 89 4c 24 20 49 8b 00 49 8b c8
0x000007fec66adb9d:   ff 90 90 01 00 00 90 eb 02 33 c0 48 8b 8c 24 a8
0x000007fec66adbad:   00 00 00 48 33 cc e8 08 98 15 00 48 81 c4 b8 00 


Register to memory mapping:

RAX=0x000000002b7e3d40 is an unknown value
RBX={method} {0x000000002e08d6a8} 'Vf' '()Lui/data/design/B;' in 'ui/data/design/X'
RCX=0x000000002b7e03e0 is an unknown value
RDX=0x000000003bbcec50 is pointing into the stack for thread: 0x0000000030008000
RSP=0x000000003bbceb40 is pointing into the stack for thread: 0x0000000030008000
RBP=0x000000003bbcec60 is pointing into the stack for thread: 0x0000000030008000
RSI=0x000000002b7e03e0 is an unknown value
RDI=0x0000000000000e58 is an unknown value
R8 =0x000000002b7e03e0 is an unknown value
R9 =0x000000070229a2d0 is an oop
java.lang.Class 
 - klass: 'java/lang/Class'
R10=0x000007fec66adb70 is an unknown value
R11=0x0000000014527760 is at entry_point+32 in (nmethod*)0x0000000014527590
R12=0x0000000000000000 is an unknown value
R13=0x000000003bbced18 is pointing into the stack for thread: 0x0000000030008000
R14=0x000000003bbcec50 is pointing into the stack for thread: 0x0000000030008000
R15=0x0000000030008000 is a thread


Stack: [0x000000003b6d0000,0x000000003bbd0000],  sp=0x000000003bbceb40,  free space=5114k
Native frames: (J=compiled Java code, j=interpreted, Vv=VM code, C=native code)
C  [librdi_filemgmt.dll+0x11db9d]
C  0x00000000135a1d83

Java frames: (J=compiled Java code, j=interpreted, Vv=VM code)
J 17221  ui.data.design.dai.SrcFile_getFileSet(J)J (0 bytes) @ 0x00000000135a1d01 [0x00000000135a1cc0+0x41]
J 17119 C1 ui.data.design.X.Vf()Lui/data/design/B; (25 bytes) @ 0x00000000145277c4 [0x0000000014527740+0x84]
j  ui.a.e.a(Lui/project/r;Lui/data/design/X;Ljava/io/File;)V+40
j  ui.views.c.dF.L()V+19
j  ui.b.c.bB.construct()Ljava/lang/Object;+13
j  ui.frmwork.y.run()V+23
j  java.lang.Thread.run()V+11
v  ~StubRoutines::call_stub

---------------  P R O C E S S  ---------------

Java Threads: ( => current thread )
=>0x0000000030008000 JavaThread "Replace File" [_thread_in_native, id=6716, stack(0x000000003b6d0000,0x000000003bbd0000)]
  0x000000002bfef800 JavaThread "Image Fetcher 3" daemon [_thread_blocked, id=5272, stack(0x000000003bbd0000,0x000000003c0d0000)]
  0x000000002beae000 JavaThread "Thread-410" [_thread_in_native, id=6564, stack(0x0000000039190000,0x0000000039290000)]
  0x0000000022e72000 JavaThread "Thread-409" [_thread_in_native, id=6356, stack(0x000000002fa50000,0x000000002fb50000)]
  0x000000002c15e000 JavaThread "Thread-381" [_thread_in_native, id=6952, stack(0x0000000037400000,0x0000000037500000)]
  0x000000002d58a800 JavaThread "Thread-380" [_thread_in_native, id=2880, stack(0x000000002fa50000,0x000000002fb50000)]
  0x00000000304dd000 JavaThread "Thread-367" [_thread_in_native, id=940, stack(0x0000000037410000,0x0000000037510000)]
  0x00000000304de000 JavaThread "Thread-366" [_thread_in_native, id=5052, stack(0x000000002fac0000,0x000000002fbc0000)]
  0x000000002c315800 JavaThread "Swing-Shell" daemon [_thread_blocked, id=6220, stack(0x0000000037e40000,0x0000000038340000)]
  0x0000000034b3f800 JavaThread "Thread-338" [_thread_in_native, id=6396, stack(0x00000000336b0000,0x00000000337b0000)]
  0x000000002c082000 JavaThread "Thread-337" [_thread_in_native, id=6824, stack(0x000000002fa60000,0x000000002fb60000)]
  0x000000002d0c2800 JavaThread "Thread-289" [_thread_in_native, id=6332, stack(0x0000000033710000,0x0000000033810000)]
  0x0000000026b9c800 JavaThread "Thread-288" [_thread_in_native, id=6312, stack(0x000000002fa50000,0x000000002fb50000)]
  0x000000002cf7c800 JavaThread "Thread-174" [_thread_in_native, id=5136, stack(0x000000002fb30000,0x000000002fc30000)]
  0x000000002be9b800 JavaThread "Monitor File Timestamp Swing Worker" [_thread_blocked, id=5156, stack(0x0000000039d40000,0x000000003a240000)]
  0x000000002be9d000 JavaThread "Timer-0" [_thread_blocked, id=5244, stack(0x0000000039750000,0x0000000039c50000)]
  0x00000000307f2800 JavaThread "SyntheticaAnimation 50" daemon [_thread_blocked, id=5096, stack(0x0000000038600000,0x0000000038b00000)]
  0x00000000303d6000 JavaThread "SyntheticaAnimation 50" daemon [_thread_blocked, id=1832, stack(0x00000000378c0000,0x0000000037dc0000)]
  0x00000000268b3000 JavaThread "Thread-117" [_thread_in_native, id=6120, stack(0x00000000316e0000,0x00000000317e0000)]
  0x000000002ff0a800 JavaThread "Thread-111" [_thread_in_native, id=192, stack(0x000000002fb00000,0x000000002fc00000)]
  0x0000000034308800 JavaThread "Thread-91" [_thread_in_native, id=3228, stack(0x000000002fbe0000,0x000000002fce0000)]
  0x000000002e321800 JavaThread "Thread-69" [_thread_in_native, id=5212, stack(0x000000002fab0000,0x000000002fbb0000)]
  0x000000002bfe0800 JavaThread "Thread-59" [_thread_in_native, id=2224, stack(0x0000000025900000,0x0000000025a00000)]
  0x00000000241aa000 JavaThread "Thread-26" [_thread_in_native, id=5896, stack(0x000000002fc10000,0x000000002fd10000)]
  0x000000002e6d3000 JavaThread "Thread-25" [_thread_in_native, id=4036, stack(0x000000002fa50000,0x000000002fb50000)]
  0x0000000022c33800 JavaThread "hw_ila_monitor" [_thread_blocked, id=744, stack(0x0000000032f80000,0x0000000033480000)]
  0x000000002d3c7800 JavaThread "Update Runs Swing Worker" [_thread_blocked, id=1136, stack(0x00000000327a0000,0x0000000032ca0000)]
  0x000000002738c000 JavaThread "Refresh Filesets Swing Worker" [_thread_blocked, id=1644, stack(0x0000000032200000,0x0000000032700000)]
  0x000000002e887800 JavaThread "SyntheticaAnimation 70" daemon [_thread_blocked, id=1360, stack(0x0000000031c60000,0x0000000032160000)]
  0x0000000028af4000 JavaThread "SyntheticaAnimation 25" daemon [_thread_blocked, id=5164, stack(0x0000000030f50000,0x0000000031450000)]
  0x000000002ffe4000 JavaThread "SyntheticaAnimation 50" daemon [_thread_blocked, id=5408, stack(0x00000000309d0000,0x0000000030ed0000)]
  0x0000000029d25800 JavaThread "Batik CleanerThread" daemon [_thread_blocked, id=324, stack(0x000000002a8b0000,0x000000002adb0000)]
  0x000000002721f800 JavaThread "SyntheticaCleanerThread" daemon [_thread_blocked, id=3308, stack(0x0000000028b00000,0x0000000029000000)]
  0x0000000026872000 JavaThread "Process Messages" [_thread_blocked, id=1112, stack(0x0000000028390000,0x0000000028890000)]
  0x0000000007570800 JavaThread "Thread-3" [_thread_in_native, id=4764, stack(0x0000000003230000,0x0000000004630000)]
  0x0000000002d46000 JavaThread "AWT-EventQueue-0" [_thread_in_native, id=6080, stack(0x0000000027490000,0x0000000027990000)]
  0x0000000021f50800 JavaThread "AWT-Windows" daemon [_thread_in_native, id=3236, stack(0x0000000024f10000,0x0000000025410000)]
  0x0000000021f51800 JavaThread "AWT-Shutdown" [_thread_blocked, id=5320, stack(0x00000000248d0000,0x0000000024dd0000)]
  0x0000000021f52800 JavaThread "Java2D Disposer" daemon [_thread_blocked, id=2608, stack(0x0000000024200000,0x0000000024700000)]
  0x0000000021366000 JavaThread "TimerQueue" daemon [_thread_blocked, id=5032, stack(0x0000000023b40000,0x0000000024040000)]
  0x000000000a517800 JavaThread "Service Thread" daemon [_thread_blocked, id=4868, stack(0x0000000022720000,0x0000000022c20000)]
  0x000000000a287000 JavaThread "C1 CompilerThread2" daemon [_thread_blocked, id=1064, stack(0x0000000022500000,0x0000000022600000)]
  0x000000000a288000 JavaThread "C2 CompilerThread1" daemon [_thread_blocked, id=1272, stack(0x0000000011ef0000,0x0000000011ff0000)]
  0x000000000a289000 JavaThread "C2 CompilerThread0" daemon [_thread_blocked, id=5232, stack(0x000000000a760000,0x000000000a860000)]
  0x000000000a28a800 JavaThread "Attach Listener" daemon [_thread_blocked, id=6008, stack(0x0000000021f80000,0x0000000022480000)]
  0x000000000a28b800 JavaThread "Signal Dispatcher" daemon [_thread_blocked, id=5904, stack(0x0000000021960000,0x0000000021e60000)]
  0x000000000a192000 JavaThread "Finalizer" daemon [_thread_blocked, id=1284, stack(0x0000000021380000,0x0000000021880000)]
  0x000000000a195000 JavaThread "Reference Handler" daemon [_thread_blocked, id=2748, stack(0x00000000118d0000,0x0000000011dd0000)]
  0x00000000031c3800 JavaThread "main" [_thread_blocked, id=3780, stack(0x0000000008e90000,0x0000000008f90000)]

Other Threads:
  0x000000000a19b000 VMThread [stack: 0x00000000117b0000,0x00000000118b0000] [id=6124]
  0x00000000093c7800 WatcherThread [stack: 0x0000000022d40000,0x0000000022e40000] [id=912]

VM state:not at safepoint (normal execution)

VM Mutex/Monitor currently owned by a thread: None

Heap:
 PSYoungGen      total 51200K, used 28748K [0x00000007bc400000, 0x00000007c0000000, 0x00000007c0000000)
  eden space 41984K, 53% used [0x00000007bc400000,0x00000007bd9ce488,0x00000007bed00000)
  from space 9216K, 69% used [0x00000007bf700000,0x00000007bfd44cd8,0x00000007c0000000)
  to   space 9728K, 0% used [0x00000007bed00000,0x00000007bed00000,0x00000007bf680000)
 ParOldGen       total 90624K, used 48456K [0x0000000700000000, 0x0000000705880000, 0x00000007bc400000)
  object space 90624K, 53% used [0x0000000700000000,0x0000000702f523b0,0x0000000705880000)
 Metaspace       used 72632K, capacity 73356K, committed 73856K, reserved 1114112K
  class space    used 9895K, capacity 10032K, committed 10112K, reserved 1048576K

Card table byte_map: [0x0000000009450000,0x0000000009a60000] byte_map_base: 0x0000000005c50000

Marking Bits: (ParMarkBitMap*) 0x000000006714a6d0
 Begin Bits: [0x000000000a990000, 0x000000000d990000)
 End Bits:   [0x000000000d990000, 0x0000000010990000)

Polling page: 0x0000000000350000

CodeCache: size=245760Kb used=54609Kb max_used=54638Kb free=191150Kb
 bounds [0x0000000012280000, 0x0000000015850000, 0x0000000021280000]
 total_blobs=14938 nmethods=14006 adapters=835
 compilation: enabled

Compilation events (10 events):
Event: 2657.221 Thread 0x000000000a287000 18563       1       com.jidesoft.editor.caret.DefaultCaretModel::getModelPosition (5 bytes)
Event: 2657.221 Thread 0x000000000a287000 nmethod 18563 0x000000001583c690 code [0x000000001583c7e0, 0x000000001583c8f0]
Event: 2657.228 Thread 0x000000000a288000 18564       4       com.jidesoft.list.CompoundListDataEvent::fireListDataEvent (841 bytes)
Event: 2657.239 Thread 0x000000000a288000 nmethod 18564 0x000000001583b810 code [0x000000001583b9a0, 0x000000001583bed8]
Event: 2657.548 Thread 0x000000000a289000 18565       4       javax.swing.JDialog::getGraphics (9 bytes)
Event: 2657.554 Thread 0x000000000a289000 nmethod 18565 0x0000000012d50050 code [0x0000000012d501e0, 0x0000000012d505c8]
Event: 2657.571 Thread 0x000000000a287000 18566       3       javax.swing.plaf.basic.BasicComboPopup$Handler::mouseMoved (56 bytes)
Event: 2657.572 Thread 0x000000000a287000 nmethod 18566 0x0000000015841f50 code [0x0000000015842140, 0x0000000015842b98]
Event: 2658.500 Thread 0x000000000a287000 18567       3       java.awt.Component::processFocusEvent (58 bytes)
Event: 2658.500 Thread 0x000000000a287000 nmethod 18567 0x0000000012e2e0d0 code [0x0000000012e2e260, 0x0000000012e2e658]

GC Heap History (10 events):
Event: 2638.050 GC heap before
{Heap before GC invocations=200 (full 48):
 PSYoungGen      total 53248K, used 48667K [0x00000007bc400000, 0x00000007c0000000, 0x00000007c0000000)
  eden space 45056K, 100% used [0x00000007bc400000,0x00000007bf000000,0x00000007bf000000)
  from space 8192K, 44% used [0x00000007bf000000,0x00000007bf386cc8,0x00000007bf800000)
  to   space 7680K, 0% used [0x00000007bf880000,0x00000007bf880000,0x00000007c0000000)
 ParOldGen       total 90624K, used 47898K [0x0000000700000000, 0x0000000705880000, 0x00000007bc400000)
  object space 90624K, 52% used [0x0000000700000000,0x0000000702ec68d0,0x0000000705880000)
 Metaspace       used 72480K, capacity 73164K, committed 73856K, reserved 1114112K
  class space    used 9895K, capacity 10032K, committed 10112K, reserved 1048576K
Event: 2638.058 GC heap after
Heap after GC invocations=200 (full 48):
 PSYoungGen      total 51712K, used 6691K [0x00000007bc400000, 0x00000007c0000000, 0x00000007c0000000)
  eden space 44032K, 0% used [0x00000007bc400000,0x00000007bc400000,0x00000007bef00000)
  from space 7680K, 87% used [0x00000007bf880000,0x00000007bff08da8,0x00000007c0000000)
  to   space 8704K, 0% used [0x00000007bef00000,0x00000007bef00000,0x00000007bf780000)
 ParOldGen       total 90624K, used 47922K [0x0000000700000000, 0x0000000705880000, 0x00000007bc400000)
  object space 90624K, 52% used [0x0000000700000000,0x0000000702ecc8d0,0x0000000705880000)
 Metaspace       used 72480K, capacity 73164K, committed 73856K, reserved 1114112K
  class space    used 9895K, capacity 10032K, committed 10112K, reserved 1048576K
}
Event: 2642.198 GC heap before
{Heap before GC invocations=201 (full 48):
 PSYoungGen      total 51712K, used 50723K [0x00000007bc400000, 0x00000007c0000000, 0x00000007c0000000)
  eden space 44032K, 100% used [0x00000007bc400000,0x00000007bef00000,0x00000007bef00000)
  from space 7680K, 87% used [0x00000007bf880000,0x00000007bff08da8,0x00000007c0000000)
  to   space 8704K, 0% used [0x00000007bef00000,0x00000007bef00000,0x00000007bf780000)
 ParOldGen       total 90624K, used 47922K [0x0000000700000000, 0x0000000705880000, 0x00000007bc400000)
  object space 90624K, 52% used [0x0000000700000000,0x0000000702ecc8d0,0x0000000705880000)
 Metaspace       used 72516K, capacity 73228K, committed 73856K, reserved 1114112K
  class space    used 9895K, capacity 10032K, committed 10112K, reserved 1048576K
Event: 2642.206 GC heap after
Heap after GC invocations=201 (full 48):
 PSYoungGen      total 52736K, used 6115K [0x00000007bc400000, 0x00000007c0000000, 0x00000007c0000000)
  eden space 44032K, 0% used [0x00000007bc400000,0x00000007bc400000,0x00000007bef00000)
  from space 8704K, 70% used [0x00000007bef00000,0x00000007bf4f8da8,0x00000007bf780000)
  to   space 8704K, 0% used [0x00000007bf780000,0x00000007bf780000,0x00000007c0000000)
 ParOldGen       total 90624K, used 48278K [0x0000000700000000, 0x0000000705880000, 0x00000007bc400000)
  object space 90624K, 53% used [0x0000000700000000,0x0000000702f258e0,0x0000000705880000)
 Metaspace       used 72516K, capacity 73228K, committed 73856K, reserved 1114112K
  class space    used 9895K, capacity 10032K, committed 10112K, reserved 1048576K
}
Event: 2650.015 GC heap before
{Heap before GC invocations=202 (full 48):
 PSYoungGen      total 52736K, used 50147K [0x00000007bc400000, 0x00000007c0000000, 0x00000007c0000000)
  eden space 44032K, 100% used [0x00000007bc400000,0x00000007bef00000,0x00000007bef00000)
  from space 8704K, 70% used [0x00000007bef00000,0x00000007bf4f8da8,0x00000007bf780000)
  to   space 8704K, 0% used [0x00000007bf780000,0x00000007bf780000,0x00000007c0000000)
 ParOldGen       total 90624K, used 48278K [0x0000000700000000, 0x0000000705880000, 0x00000007bc400000)
  object space 90624K, 53% used [0x0000000700000000,0x0000000702f258e0,0x0000000705880000)
 Metaspace       used 72549K, capacity 73228K, committed 73856K, reserved 1114112K
  class space    used 9895K, capacity 10032K, committed 10112K, reserved 1048576K
Event: 2650.024 GC heap after
Heap after GC invocations=202 (full 48):
 PSYoungGen      total 51712K, used 6533K [0x00000007bc400000, 0x00000007c0000000, 0x00000007c0000000)
  eden space 43008K, 0% used [0x00000007bc400000,0x00000007bc400000,0x00000007bee00000)
  from space 8704K, 75% used [0x00000007bf780000,0x00000007bfde1410,0x00000007c0000000)
  to   space 9216K, 0% used [0x00000007bee00000,0x00000007bee00000,0x00000007bf700000)
 ParOldGen       total 90624K, used 48392K [0x0000000700000000, 0x0000000705880000, 0x00000007bc400000)
  object space 90624K, 53% used [0x0000000700000000,0x0000000702f423b0,0x0000000705880000)
 Metaspace       used 72549K, capacity 73228K, committed 73856K, reserved 1114112K
  class space    used 9895K, capacity 10032K, committed 10112K, reserved 1048576K
}
Event: 2651.286 GC heap before
{Heap before GC invocations=203 (full 48):
 PSYoungGen      total 51712K, used 49541K [0x00000007bc400000, 0x00000007c0000000, 0x00000007c0000000)
  eden space 43008K, 100% used [0x00000007bc400000,0x00000007bee00000,0x00000007bee00000)
  from space 8704K, 75% used [0x00000007bf780000,0x00000007bfde1410,0x00000007c0000000)
  to   space 9216K, 0% used [0x00000007bee00000,0x00000007bee00000,0x00000007bf700000)
 ParOldGen       total 90624K, used 48392K [0x0000000700000000, 0x0000000705880000, 0x00000007bc400000)
  object space 90624K, 53% used [0x0000000700000000,0x0000000702f423b0,0x0000000705880000)
 Metaspace       used 72563K, capacity 73228K, committed 73856K, reserved 1114112K
  class space    used 9895K, capacity 10032K, committed 10112K, reserved 1048576K
Event: 2651.294 GC heap after
Heap after GC invocations=203 (full 48):
 PSYoungGen      total 52224K, used 6467K [0x00000007bc400000, 0x00000007c0000000, 0x00000007c0000000)
  eden space 43008K, 0% used [0x00000007bc400000,0x00000007bc400000,0x00000007bee00000)
  from space 9216K, 70% used [0x00000007bee00000,0x00000007bf450da8,0x00000007bf700000)
  to   space 9216K, 0% used [0x00000007bf700000,0x00000007bf700000,0x00000007c0000000)
 ParOldGen       total 90624K, used 48424K [0x0000000700000000, 0x0000000705880000, 0x00000007bc400000)
  object space 90624K, 53% used [0x0000000700000000,0x0000000702f4a3b0,0x0000000705880000)
 Metaspace       used 72563K, capacity 73228K, committed 73856K, reserved 1114112K
  class space    used 9895K, capacity 10032K, committed 10112K, reserved 1048576K
}
Event: 2657.124 GC heap before
{Heap before GC invocations=204 (full 48):
 PSYoungGen      total 52224K, used 49475K [0x00000007bc400000, 0x00000007c0000000, 0x00000007c0000000)
  eden space 43008K, 100% used [0x00000007bc400000,0x00000007bee00000,0x00000007bee00000)
  from space 9216K, 70% used [0x00000007bee00000,0x00000007bf450da8,0x00000007bf700000)
  to   space 9216K, 0% used [0x00000007bf700000,0x00000007bf700000,0x00000007c0000000)
 ParOldGen       total 90624K, used 48424K [0x0000000700000000, 0x0000000705880000, 0x00000007bc400000)
  object space 90624K, 53% used [0x0000000700000000,0x0000000702f4a3b0,0x0000000705880000)
 Metaspace       used 72627K, capacity 73356K, committed 73856K, reserved 1114112K
  class space    used 9895K, capacity 10032K, committed 10112K, reserved 1048576K
Event: 2657.132 GC heap after
Heap after GC invocations=204 (full 48):
 PSYoungGen      total 51200K, used 6419K [0x00000007bc400000, 0x00000007c0000000, 0x00000007c0000000)
  eden space 41984K, 0% used [0x00000007bc400000,0x00000007bc400000,0x00000007bed00000)
  from space 9216K, 69% used [0x00000007bf700000,0x00000007bfd44cd8,0x00000007c0000000)
  to   space 9728K, 0% used [0x00000007bed00000,0x00000007bed00000,0x00000007bf680000)
 ParOldGen       total 90624K, used 48456K [0x0000000700000000, 0x0000000705880000, 0x00000007bc400000)
  object space 90624K, 53% used [0x0000000700000000,0x0000000702f523b0,0x0000000705880000)
 Metaspace       used 72627K, capacity 73356K, committed 73856K, reserved 1114112K
  class space    used 9895K, capacity 10032K, committed 10112K, reserved 1048576K
}

Deoptimization events (10 events):
Event: 2586.741 Thread 0x0000000002d46000 Uncommon trap: reason=speculate_class_check action=maybe_recompile pc=0x0000000015000558 method=javax.swing.JComponent.paintToOffscreen(Ljava/awt/Graphics;IIIIII)V @ 67
Event: 2586.744 Thread 0x0000000002d46000 Uncommon trap: reason=speculate_class_check action=maybe_recompile pc=0x0000000015000558 method=javax.swing.JComponent.paintToOffscreen(Ljava/awt/Graphics;IIIIII)V @ 67
Event: 2588.400 Thread 0x0000000002d46000 Uncommon trap: reason=bimorphic action=maybe_recompile pc=0x0000000014b674d4 method=java.util.AbstractCollection.addAll(Ljava/util/Collection;)Z @ 29
Event: 2588.411 Thread 0x0000000002d46000 Uncommon trap: reason=bimorphic action=maybe_recompile pc=0x0000000015337cc4 method=com.jidesoft.grid.CellSpanTable.isCellSpanOn()Z @ 68
Event: 2588.476 Thread 0x0000000002d46000 Uncommon trap: reason=class_check action=maybe_recompile pc=0x0000000014edead4 method=de.javasoft.plaf.synthetica.StyleFactory.getStyle(Ljavax/swing/JComponent;Ljavax/swing/plaf/synth/Region;Ljavax/swing/plaf/synth/SynthStyle;Z)Ljavax/swing/plaf/synth/Syn
Event: 2588.476 Thread 0x0000000002d46000 Uncommon trap: reason=class_check action=maybe_recompile pc=0x0000000012fed618 method=de.javasoft.plaf.synthetica.StyleFactory$ComponentPropertyStore.storeComponentProperty(Ljava/awt/Component;Ljava/lang/String;)V @ 347
Event: 2590.103 Thread 0x0000000002d46000 Uncommon trap: reason=bimorphic action=maybe_recompile pc=0x000000001567d120 method=java.awt.Component.removeNotify()V @ 305
Event: 2649.046 Thread 0x0000000002d46000 Uncommon trap: reason=bimorphic action=maybe_recompile pc=0x0000000014eca850 method=javax.swing.JComponent.scrollRectToVisible(Ljava/awt/Rectangle;)V @ 59
Event: 2649.046 Thread 0x0000000002d46000 Uncommon trap: reason=bimorphic action=maybe_recompile pc=0x0000000014eca850 method=javax.swing.JComponent.scrollRectToVisible(Ljava/awt/Rectangle;)V @ 59
Event: 2655.258 Thread 0x0000000002d46000 Uncommon trap: reason=speculate_class_check action=maybe_recompile pc=0x000000001505fcac method=java.awt.Component.dispatchEvent(Ljava/awt/AWTEvent;)V @ 2

Internal exceptions (10 events):
Event: 2249.302 Thread 0x000000002e4ed000 Exception <a 'java/lang/InterruptedException': sleep interrupted> (0x00000007bc4e0e40) thrown at [C:\re\workspace\8-2-build-windows-amd64-cygwin\jdk8u112\7884\hotspot\src\share\vm\prims\jvm.cpp, line 3180]
Event: 2249.443 Thread 0x0000000002d46000 Implicit null exception at 0x0000000012ecc72c to 0x0000000012eccbc5
Event: 2342.247 Thread 0x00000000270ed000 Exception <a 'java/lang/InterruptedException': sleep interrupted> (0x00000007bd9e2228) thrown at [C:\re\workspace\8-2-build-windows-amd64-cygwin\jdk8u112\7884\hotspot\src\share\vm\prims\jvm.cpp, line 3180]
Event: 2352.142 Thread 0x0000000002d46000 Implicit null exception at 0x0000000015178998 to 0x00000000151792c1
Event: 2352.142 Thread 0x0000000002d46000 Implicit null exception at 0x0000000015124494 to 0x0000000015124dc5
Event: 2456.029 Thread 0x000000002e61a800 Exception <a 'java/lang/InterruptedException': sleep interrupted> (0x00000007bcab4dd8) thrown at [C:\re\workspace\8-2-build-windows-amd64-cygwin\jdk8u112\7884\hotspot\src\share\vm\prims\jvm.cpp, line 3180]
Event: 2504.234 Thread 0x0000000029a55800 Exception <a 'java/lang/InterruptedException': sleep interrupted> (0x00000007bdf17760) thrown at [C:\re\workspace\8-2-build-windows-amd64-cygwin\jdk8u112\7884\hotspot\src\share\vm\prims\jvm.cpp, line 3180]
Event: 2594.430 Thread 0x000000002b6f1800 Exception <a 'java/lang/InterruptedException': sleep interrupted> (0x00000007bcf76eb0) thrown at [C:\re\workspace\8-2-build-windows-amd64-cygwin\jdk8u112\7884\hotspot\src\share\vm\prims\jvm.cpp, line 3180]
Event: 2642.344 Thread 0x0000000035634000 Exception <a 'java/lang/InterruptedException': sleep interrupted> (0x00000007bc66a618) thrown at [C:\re\workspace\8-2-build-windows-amd64-cygwin\jdk8u112\7884\hotspot\src\share\vm\prims\jvm.cpp, line 3180]
Event: 2657.242 Thread 0x000000002bfef800 Exception <a 'java/lang/InterruptedException': sleep interrupted> (0x00000007bc5b2408) thrown at [C:\re\workspace\8-2-build-windows-amd64-cygwin\jdk8u112\7884\hotspot\src\share\vm\prims\jvm.cpp, line 3180]

Events (10 events):
Event: 2657.554 Thread 0x000000000a289000 flushing nmethod 0x0000000012e2e0d0
Event: 2657.573 Thread 0x000000000a287000 flushing nmethod 0x0000000012fea4d0
Event: 2657.574 Thread 0x000000000a287000 flushing nmethod 0x0000000013108c10
Event: 2658.501 Thread 0x000000000a287000 flushing nmethod 0x0000000013345650
Event: 2658.654 Thread 0x0000000030008000 Thread added: 0x0000000030008000
Event: 2658.659 Executing VM operation: RevokeBias
Event: 2658.660 Executing VM operation: RevokeBias done
Event: 2658.660 Executing VM operation: RevokeBias
Event: 2658.660 Executing VM operation: RevokeBias done
Event: 2658.661 Thread 0x000000002d704000 Thread exited: 0x000000002d704000


Dynamic libraries:
0x000000013f2e0000 - 0x000000013f312000 	C:\Xilinx\Vivado\2017.3\bin\unwrapped\win64.o\vivado.exe
0x0000000077860000 - 0x0000000077a0a000 	C:\Windows\SYSTEM32\ntdll.dll
0x0000000077740000 - 0x000000007785f000 	C:\Windows\system32\kernel32.dll
0x000007fefd720000 - 0x000007fefd78a000 	C:\Windows\system32\KERNELBASE.dll
0x000000000a900000 - 0x000000000a983000 	C:\Xilinx\Vivado\2017.3\lib\win64.o\SHSMP64.dll
0x0000000077640000 - 0x000000007773a000 	C:\Windows\system32\USER32.dll
0x000007fefeb50000 - 0x000007fefebb7000 	C:\Windows\system32\GDI32.dll
0x000007feff070000 - 0x000007feff07e000 	C:\Windows\system32\LPK.dll
0x000007fefeec0000 - 0x000007fefef8b000 	C:\Windows\system32\USP10.dll
0x000007feff910000 - 0x000007feff9af000 	C:\Windows\system32\msvcrt.dll
0x000007fefef90000 - 0x000007feff06b000 	C:\Windows\system32\ADVAPI32.dll
0x000007fefeb30000 - 0x000007fefeb4f000 	C:\Windows\SYSTEM32\sechost.dll
0x000007fefe9a0000 - 0x000007fefeacd000 	C:\Windows\system32\RPCRT4.dll
0x000007fefc980000 - 0x000007fefc98c000 	C:\Windows\system32\VERSION.dll
0x000007fef37e0000 - 0x000007fef37f4000 	C:\Xilinx\Vivado\2017.3\lib\win64.o\libboost_signals.dll
0x000007fee01a0000 - 0x000007fee023d000 	C:\Windows\system32\MSVCP140.dll
0x000007fefb310000 - 0x000007fefb327000 	C:\Windows\system32\VCRUNTIME140.dll
0x000007fefb300000 - 0x000007fefb304000 	C:\Windows\system32\api-ms-win-crt-runtime-l1-1-0.dll
0x000007fee0290000 - 0x000007fee0384000 	C:\Windows\system32\ucrtbase.DLL
0x000007fefb2f0000 - 0x000007fefb2f3000 	C:\Windows\system32\api-ms-win-core-timezone-l1-1-0.dll
0x000007fefb2e0000 - 0x000007fefb2e3000 	C:\Windows\system32\api-ms-win-core-file-l2-1-0.dll
0x000007fefb2d0000 - 0x000007fefb2d3000 	C:\Windows\system32\api-ms-win-core-localization-l1-2-0.dll
0x000007fef2210000 - 0x000007fef2213000 	C:\Windows\system32\api-ms-win-core-synch-l1-2-0.dll
0x000007fefb2c0000 - 0x000007fefb2c3000 	C:\Windows\system32\api-ms-win-core-processthreads-l1-1-1.dll
0x000007fefb2b0000 - 0x000007fefb2b3000 	C:\Windows\system32\api-ms-win-core-file-l1-2-0.dll
0x000007fefb2a0000 - 0x000007fefb2a4000 	C:\Windows\system32\api-ms-win-crt-string-l1-1-0.dll
0x000007fefb290000 - 0x000007fefb293000 	C:\Windows\system32\api-ms-win-crt-heap-l1-1-0.dll
0x000007fee1570000 - 0x000007fee1574000 	C:\Windows\system32\api-ms-win-crt-stdio-l1-1-0.dll
0x000007fee1560000 - 0x000007fee1564000 	C:\Windows\system32\api-ms-win-crt-convert-l1-1-0.dll
0x000007fee0190000 - 0x000007fee0193000 	C:\Windows\system32\api-ms-win-crt-locale-l1-1-0.dll
0x000007fee0180000 - 0x000007fee0185000 	C:\Windows\system32\api-ms-win-crt-math-l1-1-0.dll
0x000007fee0170000 - 0x000007fee0175000 	C:\Windows\system32\api-ms-win-crt-multibyte-l1-1-0.dll
0x000007fee0160000 - 0x000007fee0163000 	C:\Windows\system32\api-ms-win-crt-time-l1-1-0.dll
0x000007fee0150000 - 0x000007fee0153000 	C:\Windows\system32\api-ms-win-crt-filesystem-l1-1-0.dll
0x000007fee0140000 - 0x000007fee0143000 	C:\Windows\system32\api-ms-win-crt-environment-l1-1-0.dll
0x000007fee0130000 - 0x000007fee0133000 	C:\Windows\system32\api-ms-win-crt-utility-l1-1-0.dll
0x000007fed9400000 - 0x000007feda0a3000 	C:\Xilinx\Vivado\2017.3\lib\win64.o\librdi_common.dll
0x000007fedd6d0000 - 0x000007fedda3e000 	C:\Xilinx\Vivado\2017.3\lib\win64.o\libCOIN-all.dll
0x000007fedc490000 - 0x000007fedc745000 	C:\Xilinx\Vivado\2017.3\lib\win64.o\libXil_lmgr11.dll
0x000007fefb3b0000 - 0x000007fefb3c6000 	C:\Windows\system32\NETAPI32.dll
0x000007fefb3a0000 - 0x000007fefb3ac000 	C:\Windows\system32\netutils.dll
0x000007fefcf50000 - 0x000007fefcf73000 	C:\Windows\system32\srvcli.dll
0x000007fefb380000 - 0x000007fefb395000 	C:\Windows\system32\wkscli.dll
0x000007feff0d0000 - 0x000007feff167000 	C:\Windows\system32\COMDLG32.dll
0x000007fefe740000 - 0x000007fefe7b1000 	C:\Windows\system32\SHLWAPI.dll
0x000007fef3320000 - 0x000007fef33c0000 	C:\Windows\WinSxS\amd64_microsoft.windows.common-controls_6595b64144ccf1df_5.82.7601.18837_none_a4d981ff711297b6\COMCTL32.dll
0x000007fefd910000 - 0x000007fefe69a000 	C:\Windows\system32\SHELL32.dll
0x000007fefb4d0000 - 0x000007fefb4d9000 	C:\Windows\system32\WSOCK32.dll
0x000007feff080000 - 0x000007feff0cd000 	C:\Windows\system32\WS2_32.dll
0x000007feff9b0000 - 0x000007feff9b8000 	C:\Windows\system32\NSI.dll
0x000007feff170000 - 0x000007feff24a000 	C:\Windows\system32\OLEAUT32.dll
0x000007feff710000 - 0x000007feff90c000 	C:\Windows\system32\ole32.dll
0x000007fefc650000 - 0x000007fefc668000 	C:\Windows\system32\dhcpcsvc.DLL
0x000007fefa8b0000 - 0x000007fefa8b3000 	C:\Windows\system32\api-ms-win-crt-conio-l1-1-0.dll
0x000007fefd580000 - 0x000007fefd5bb000 	C:\Windows\system32\WINTRUST.dll
0x000007fefd7a0000 - 0x000007fefd90d000 	C:\Windows\system32\CRYPT32.dll
0x000007fefd550000 - 0x000007fefd55f000 	C:\Windows\system32\MSASN1.dll
0x000007fef3590000 - 0x000007fef35a4000 	C:\Xilinx\Vivado\2017.3\lib\win64.o\libboost_date_time.dll
0x000007fef3560000 - 0x000007fef3586000 	C:\Xilinx\Vivado\2017.3\lib\win64.o\libboost_filesystem.dll
0x000007fefa7c0000 - 0x000007fefa7cb000 	C:\Xilinx\Vivado\2017.3\lib\win64.o\libboost_system.dll
0x000007fedee40000 - 0x000007fedeebf000 	C:\Xilinx\Vivado\2017.3\lib\win64.o\libboost_program_options.dll
0x000007fedc370000 - 0x000007fedc484000 	C:\Xilinx\Vivado\2017.3\lib\win64.o\libboost_regex.dll
0x000007fef1f70000 - 0x000007fef1f91000 	C:\Xilinx\Vivado\2017.3\lib\win64.o\libboost_thread.dll
0x000007fefa750000 - 0x000007fefa75d000 	C:\Xilinx\Vivado\2017.3\lib\win64.o\libboost_chrono.dll
0x000007fefa550000 - 0x000007fefa55f000 	C:\Xilinx\Vivado\2017.3\lib\win64.o\libboost_xilinx.dll
0x000007fede120000 - 0x000007fede1a2000 	C:\Xilinx\Vivado\2017.3\lib\win64.o\libhdlpsolve.dll
0x000007fedd620000 - 0x000007fedd6c5000 	C:\Xilinx\Vivado\2017.3\lib\win64.o\libhdxml.dll
0x000007fed8de0000 - 0x000007fed93fe800 	C:\Xilinx\Vivado\2017.3\lib\win64.o\libisl_iostreams.dll
0x000007fef3540000 - 0x000007fef355b000 	C:\Xilinx\Vivado\2017.3\lib\win64.o\libboost_iostreams.dll
0x000007feee6c0000 - 0x000007feee6e1000 	C:\Xilinx\Vivado\2017.3\lib\win64.o\librdizlib.dll
0x000007feee690000 - 0x000007feee6b5000 	C:\Xilinx\Vivado\2017.3\lib\win64.o\libisl_iosutils.dll
0x000007fee0660000 - 0x000007fee068e000 	C:\Xilinx\Vivado\2017.3\lib\win64.o\libisl_sysinfo.dll
0x0000000066930000 - 0x00000000671ca000 	C:\Xilinx\Vivado\2017.3\tps\win64\jre\bin\server\jvm.dll
0x000007fef3230000 - 0x000007fef326b000 	C:\Windows\system32\WINMM.dll
0x0000000077a20000 - 0x0000000077a27000 	C:\Windows\system32\PSAPI.DLL
0x0000000067600000 - 0x00000000676d2000 	C:\Xilinx\Vivado\2017.3\tps\win64\jre\bin\MSVCR100.dll
0x000007fede990000 - 0x000007fede9f5000 	C:\Xilinx\Vivado\2017.3\lib\win64.o\liblmx6.0.dll
0x000007fef3300000 - 0x000007fef3315000 	C:\Xilinx\Vivado\2017.3\lib\win64.o\pthreadVC2.dll
0x000007fedc290000 - 0x000007fedc364000 	C:\Xilinx\Vivado\2017.3\lib\win64.o\MSVCR110.dll
0x000007fedafd0000 - 0x000007fedb0ce000 	C:\Xilinx\Vivado\2017.3\lib\win64.o\librdi_commonxillic.dll
0x000007fedae70000 - 0x000007fedafc1000 	C:\Xilinx\Vivado\2017.3\lib\win64.o\librdi_curl.dll
0x000007fef2ba0000 - 0x000007fef2bbc000 	C:\Xilinx\Vivado\2017.3\lib\win64.o\librdiconfig.dll
0x00000000674d0000 - 0x00000000675fb000 	C:\Xilinx\Vivado\2017.3\lib\win64.o\tcl85t.dll
0x0000000012000000 - 0x0000000012272000 	C:\Xilinx\Vivado\2017.3\lib\win64.o\xerces-c_3_1.dll
0x000007feff250000 - 0x000007feff571000 	C:\Windows\system32\WININET.dll
0x000007fefd570000 - 0x000007fefd574000 	C:\Windows\system32\api-ms-win-downlevel-user32-l1-1-0.dll
0x000007fefd690000 - 0x000007fefd694000 	C:\Windows\system32\api-ms-win-downlevel-shlwapi-l1-1-0.dll
0x000007fefd5e0000 - 0x000007fefd5e4000 	C:\Windows\system32\api-ms-win-downlevel-version-l1-1-0.dll
0x000007fefd6f0000 - 0x000007fefd6f3000 	C:\Windows\system32\api-ms-win-downlevel-normaliz-l1-1-0.dll
0x0000000077a30000 - 0x0000000077a33000 	C:\Windows\system32\normaliz.DLL
0x000007fefebf0000 - 0x000007fefeebb000 	C:\Windows\system32\iertutil.dll
0x000007fefd790000 - 0x000007fefd795000 	C:\Windows\system32\api-ms-win-downlevel-advapi32-l1-1-0.dll
0x000007fefd700000 - 0x000007fefd71e000 	C:\Windows\system32\USERENV.dll
0x000007fefd560000 - 0x000007fefd56f000 	C:\Windows\system32\profapi.dll
0x000007fef9710000 - 0x000007fef9781000 	C:\Windows\system32\WINHTTP.dll
0x000007fef96a0000 - 0x000007fef9705000 	C:\Windows\system32\webio.dll
0x000007feff580000 - 0x000007feff705000 	C:\Windows\system32\urlmon.dll
0x000007fefd6a0000 - 0x000007fefd6a4000 	C:\Windows\system32\api-ms-win-downlevel-ole32-l1-1-0.dll
0x000007fed7f40000 - 0x000007fed8dd1000 	C:\Xilinx\Vivado\2017.3\lib\win64.o\gurobi65.dll
0x000007fedf860000 - 0x000007fedf88e000 	C:\Windows\system32\VCOMP140.DLL
0x000007fee6030000 - 0x000007fee6044000 	C:\Xilinx\Vivado\2017.3\lib\win64.o\librdi_commonmain.dll
0x000007fef3c20000 - 0x000007fef3c2a000 	C:\Xilinx\Vivado\2017.3\lib\win64.o\librdi_commonversion.dll
0x000007fefebc0000 - 0x000007fefebee000 	C:\Windows\system32\IMM32.DLL
0x000007feffa60000 - 0x000007feffb69000 	C:\Windows\system32\MSCTF.dll
0x000007fed7ab0000 - 0x000007fed7f3a000 	C:\Xilinx\Vivado\2017.3\lib\win64.o\librdi_commontasks.dll
0x000007fedac30000 - 0x000007fedae6f000 	C:\Xilinx\Vivado\2017.3\lib\win64.o\librdi_sio.dll
0x000007fefc780000 - 0x000007fefc7a7000 	C:\Windows\system32\IPHLPAPI.DLL
0x000007fefc770000 - 0x000007fefc77b000 	C:\Windows\system32\WINNSI.DLL
0x000007fed59e0000 - 0x000007fed7aac000 	C:\Xilinx\Vivado\2017.3\lib\win64.o\librdi_tcltasks.dll
0x000007fed5670000 - 0x000007fed59d4000 	C:\Xilinx\Vivado\2017.3\lib\win64.o\librdi_bitstream.dll
0x000007fec90e0000 - 0x000007fed5665000 	C:\Xilinx\Vivado\2017.3\lib\win64.o\librdi_device.dll
0x000007fedc240000 - 0x000007fedc28c000 	C:\Xilinx\Vivado\2017.3\lib\win64.o\libboost_serialization.dll
0x000007fec8620000 - 0x000007fec90d3000 	C:\Xilinx\Vivado\2017.3\lib\win64.o\libverific.dll
0x000007fec84a0000 - 0x000007fec8617000 	C:\Xilinx\Vivado\2017.3\lib\win64.o\librdi_board.dll
0x000007fedabc0000 - 0x000007fedac2a000 	C:\Xilinx\Vivado\2017.3\lib\win64.o\librdi_boarddep.dll
0x000007fec8250000 - 0x000007fec8494000 	C:\Xilinx\Vivado\2017.3\lib\win64.o\librdi_chipscope.dll
0x000007fec6b40000 - 0x000007fec8244000 	C:\Xilinx\Vivado\2017.3\lib\win64.o\librdi_constraints.dll
0x000007fec6590000 - 0x000007fec6b32000 	C:\Xilinx\Vivado\2017.3\lib\win64.o\librdi_filemgmt.dll
0x000007fedab50000 - 0x000007fedabbb000 	C:\Xilinx\Vivado\2017.3\lib\win64.o\librdi_hip_devdesign.dll
0x000007fedab00000 - 0x000007fedab42000 	C:\Xilinx\Vivado\2017.3\lib\win64.o\librdi_ipconfig_readwrite.dll
0x000007fec60f0000 - 0x000007fec6584000 	C:\Xilinx\Vivado\2017.3\lib\win64.o\librdi_netlist.dll
0x000007fede900000 - 0x000007fede92f000 	C:\Xilinx\Vivado\2017.3\lib\win64.o\librdi_noc_frameworks.dll
0x000007feda340000 - 0x000007feda441000 	C:\Xilinx\Vivado\2017.3\lib\win64.o\librdi_hip_noc_tools.dll
0x000007fec5a80000 - 0x000007fec60ed000 	C:\Xilinx\Vivado\2017.3\lib\win64.o\librdi_psta.dll
0x000007fec2ab0000 - 0x000007fec5a7f000 	C:\Xilinx\Vivado\2017.3\lib\win64.o\librdi_coregen.dll
0x000007fec23d0000 - 0x000007fec2aa5000 	C:\Xilinx\Vivado\2017.3\lib\win64.o\librdi_coregenipxact.dll
0x000007febe860000 - 0x000007fec23c3000 	C:\Xilinx\Vivado\2017.3\lib\win64.o\librdi_designutils.dll
0x000007febe310000 - 0x000007febe85e000 	C:\Xilinx\Vivado\2017.3\lib\win64.o\librdi_xdm.dll

VM Arguments:
jvm_args: -Dsun.java2d.pmoffscreen=false -Dsun.java2d.d3d=false -Dsun.awt.nopixfmt=true -Xverify:none -Dswing.aatext=true -XX:-UsePerfData -Djdk.map.althashing.threshold=512 -XX:StringTableSize=4072 -XX:NewSize=60m -XX:MaxNewSize=60m -Xms128m -Xmx3072m -Xss5m 
java_command: <unknown>
java_class_path (initial): C:/Xilinx/Vivado/2017.3\lib\classes\alloy.jar;C:/Xilinx/Vivado/2017.3\lib\classes\autopilot.scelaborator.jar;C:/Xilinx/Vivado/2017.3\lib\classes\autopilot.sourceprocessor.jar;C:/Xilinx/Vivado/2017.3\lib\classes\autopilot.tbprocessor.jar;C:/Xilinx/Vivado/2017.3\lib\classes\batik-anim.jar;C:/Xilinx/Vivado/2017.3\lib\classes\batik-awt-util.jar;C:/Xilinx/Vivado/2017.3\lib\classes\batik-bridge.jar;C:/Xilinx/Vivado/2017.3\lib\classes\batik-codec.jar;C:/Xilinx/Vivado/2017.3\lib\classes\batik-css.jar;C:/Xilinx/Vivado/2017.3\lib\classes\batik-dom.jar;C:/Xilinx/Vivado/2017.3\lib\classes\batik-ext.jar;C:/Xilinx/Vivado/2017.3\lib\classes\batik-gui-util.jar;C:/Xilinx/Vivado/2017.3\lib\classes\batik-gvt.jar;C:/Xilinx/Vivado/2017.3\lib\classes\batik-parser.jar;C:/Xilinx/Vivado/2017.3\lib\classes\batik-script.jar;C:/Xilinx/Vivado/2017.3\lib\classes\batik-svg-dom.jar;C:/Xilinx/Vivado/2017.3\lib\classes\batik-swing.jar;C:/Xilinx/Vivado/2017.3\lib\classes\batik-transcoder.jar;C:/Xilinx/Vivado/2017.3\lib\classes\batik-util.jar;C:/Xilinx/Vivado/2017.3\lib\classes\batik-xml.jar;C:/Xilinx/Vivado/2017.3\lib\classes\com.ibm.icu_4.4.2.v20110208.jar;C:/Xilinx/Vivado/2017.3\lib\classes\commons-math-2.2.jar;C:/Xilinx/Vivado/2017.3\lib\classes\dom4j-1.6.1.jar;C:/Xilinx/Vivado/2017.3\lib\classes\forms.jar;C:/Xilinx/Vivado/2017.3\lib\classes\guava-18.0.jar;C:/Xilinx/Vivado/2017.3\lib\classes\help.jar;C:/Xilinx/Vivado/2017.3\lib\classes\hsqldb.jar;C:/Xilinx/Vivado/2017.3\lib\classes\jargs.jar;C:/Xilinx/Vivado/2017.3\lib\classes\jh.jar;C:/Xilinx/Vivado/2017.3\lib\classes\jide-action.jar;C:/Xilinx/Vivado/2017.3\lib\classes\jide-charts.jar;C:/Xilinx/Vivado/2017.3\lib\classes\jide-common.jar;C:/Xilinx/Vivado/2017.3\lib\classes\jide-components.jar;C:/Xilinx/Vivado/2017.3\lib\classes\jide-dashboard.jar;C:/Xilinx/Vivado/2017.3\lib\classes\jide-data.jar;C:/Xilinx/Vivado/2017.3\lib\classes\jide-dialogs.jar;C:/Xilinx/Vivado/2017.3\lib\classes\jide-diff.jar;C:/Xilinx/Vivado/2017.3
Launcher Type: generic

Environment Variables:
PATH=C:/Xilinx/Vivado/2017.3/bin;C:/Xilinx/Vivado/2017.3/lib/win64.o;C:/Xilinx/Vivado/2017.3/tps/win64/jre/bin/server;C:/Xilinx/Vivado/2017.3/tps/win64/jre/bin;C:/Xilinx/SDK/2017.3/bin;C:/Xilinx/Vivado/2017.3/ids_lite/ISE/bin/nt64;C:/Xilinx/Vivado/2017.3/ids_lite/ISE/lib/nt64;C:\ProgramData\Oracle\Java\javapath;C:\Windows\system32;C:\Windows;C:\Windows\System32\Wbem;C:\Windows\System32\WindowsPowerShell\v1.0\;C:\Program Files (x86)\Notepad++;C:/Xilinx/Vivado/2017.3\tps\mingw\6.2.0\win64.o\nt\bin;C:/Xilinx/Vivado/2017.3\tps\mingw\6.2.0\win64.o\nt\libexec\gcc\x86_64-w64-mingw32\6.2.0
USERNAME=hamze
OS=Windows_NT
PROCESSOR_IDENTIFIER=Intel64 Family 6 Model 45 Stepping 7, GenuineIntel



---------------  S Y S T E M  ---------------

OS: Windows 7 , 64 bit Build 7601 (6.1.7601.23915)

CPU:total 4 (4 cores per cpu, 1 threads per core) family 6 model 45 stepping 7, cmov, cx8, fxsr, mmx, sse, sse2, sse3, ssse3, sse4.1, sse4.2, popcnt, avx, aes, clmul, tsc, tscinvbit, tscinv

Memory: 4k page, physical 8388152k(4707424k free), swap 16774444k(12730684k free)

vm_info: Java HotSpot(TM) 64-Bit Server VM (25.112-b15) for windows-amd64 JRE (1.8.0_112-b15), built on Sep 22 2016 21:31:56 by "java_re" with MS VC++ 10.0 (VS2010)

time: Thu Nov 16 18:46:51 2017
elapsed time: 2658 seconds (0d 0h 44m 18s)

