#-----------------------------------------------------------
# Vivado v2017.3 (64-bit)
# SW Build 2018833 on Wed Oct  4 19:58:22 MDT 2017
# IP Build 2016188 on Wed Oct  4 21:52:56 MDT 2017
# Start of session at: Fri Nov 17 10:17:13 2017
# Process ID: 5848
# Current directory: C:/Users/hamze/Dropbox/Academic/Courses/Bilkent_TA_Digital_Design_CS223/2017 Fall/Labs/Project_ready_Modules/Project_stepmotor
# Command line: vivado.exe -gui_launcher_event rodinguilauncherevent2776 C:\Users\hamze\Dropbox\Academic\Courses\Bilkent_TA_Digital_Design_CS223\2017 Fall\Labs\Project_ready_Modules\Project_stepmotor\stepmotor.xpr
# Log file: C:/Users/hamze/Dropbox/Academic/Courses/Bilkent_TA_Digital_Design_CS223/2017 Fall/Labs/Project_ready_Modules/Project_stepmotor/vivado.log
# Journal file: C:/Users/hamze/Dropbox/Academic/Courses/Bilkent_TA_Digital_Design_CS223/2017 Fall/Labs/Project_ready_Modules/Project_stepmotor\vivado.jou
#-----------------------------------------------------------
start_gui
open_project {C:/Users/hamze/Dropbox/Academic/Courses/Bilkent_TA_Digital_Design_CS223/2017 Fall/Labs/Project_ready_Modules/Project_stepmotor/stepmotor.xpr}
INFO: [ProjectBase 1-489] The host OS only allows 260 characters in a normal path. The project is stored in a path with more than 80 characters. If you experience issues with IP, Block Designs, or files not being found, please consider moving the project to a location with a shorter path. Alternately consider using the OS subst command to map part of the path to a drive letter.
Current project path is 'C:/Users/hamze/Dropbox/Academic/Courses/Bilkent_TA_Digital_Design_CS223/2017 Fall/Labs/Project_ready_Modules/Project_stepmotor'
Scanning sources...
Finished scanning sources
INFO: [IP_Flow 19-234] Refreshing IP repositories
INFO: [IP_Flow 19-1704] No user IP repositories specified
INFO: [IP_Flow 19-2313] Loaded Vivado IP repository 'C:/Xilinx/Vivado/2017.3/data/ip'.
open_project: Time (s): cpu = 00:00:17 ; elapsed = 00:00:08 . Memory (MB): peak = 813.918 ; gain = 93.191
update_compile_order -fileset sources_1
reset_project
launch_runs impl_1 -to_step write_bitstream -jobs 2
[Fri Nov 17 10:18:37 2017] Launched synth_1...
Run output will be captured here: C:/Users/hamze/Dropbox/Academic/Courses/Bilkent_TA_Digital_Design_CS223/2017 Fall/Labs/Project_ready_Modules/Project_stepmotor/stepmotor.runs/synth_1/runme.log
[Fri Nov 17 10:18:37 2017] Launched impl_1...
Run output will be captured here: C:/Users/hamze/Dropbox/Academic/Courses/Bilkent_TA_Digital_Design_CS223/2017 Fall/Labs/Project_ready_Modules/Project_stepmotor/stepmotor.runs/impl_1/runme.log
reset_project
launch_runs impl_1 -to_step write_bitstream -jobs 2
[Fri Nov 17 10:58:41 2017] Launched synth_1...
Run output will be captured here: C:/Users/hamze/Dropbox/Academic/Courses/Bilkent_TA_Digital_Design_CS223/2017 Fall/Labs/Project_ready_Modules/Project_stepmotor/stepmotor.runs/synth_1/runme.log
[Fri Nov 17 10:58:41 2017] Launched impl_1...
Run output will be captured here: C:/Users/hamze/Dropbox/Academic/Courses/Bilkent_TA_Digital_Design_CS223/2017 Fall/Labs/Project_ready_Modules/Project_stepmotor/stepmotor.runs/impl_1/runme.log
reset_project
exit
INFO: [Common 17-206] Exiting Vivado at Fri Nov 17 11:14:15 2017...
