#-----------------------------------------------------------
# Vivado v2017.3 (64-bit)
# SW Build 2018833 on Wed Oct  4 19:58:22 MDT 2017
# IP Build 2016188 on Wed Oct  4 21:52:56 MDT 2017
# Start of session at: Fri Nov 17 14:53:04 2017
# Process ID: 4248
# Current directory: C:/Users/hamze/Dropbox/Academic/Courses/Bilkent_TA_Digital_Design_CS223/2017 Fall/Labs/Final_project/Example_Project_02/steppermotor
# Command line: vivado.exe -gui_launcher_event rodinguilauncherevent6892 C:\Users\hamze\Dropbox\Academic\Courses\Bilkent_TA_Digital_Design_CS223\2017 Fall\Labs\Final_project\Example_Project_02\steppermotor\stepmotor.xpr
# Log file: C:/Users/hamze/Dropbox/Academic/Courses/Bilkent_TA_Digital_Design_CS223/2017 Fall/Labs/Final_project/Example_Project_02/steppermotor/vivado.log
# Journal file: C:/Users/hamze/Dropbox/Academic/Courses/Bilkent_TA_Digital_Design_CS223/2017 Fall/Labs/Final_project/Example_Project_02/steppermotor\vivado.jou
#-----------------------------------------------------------
start_gui
open_project {C:/Users/hamze/Dropbox/Academic/Courses/Bilkent_TA_Digital_Design_CS223/2017 Fall/Labs/Final_project/Example_Project_02/steppermotor/stepmotor.xpr}
INFO: [ProjectBase 1-489] The host OS only allows 260 characters in a normal path. The project is stored in a path with more than 80 characters. If you experience issues with IP, Block Designs, or files not being found, please consider moving the project to a location with a shorter path. Alternately consider using the OS subst command to map part of the path to a drive letter.
Current project path is 'C:/Users/hamze/Dropbox/Academic/Courses/Bilkent_TA_Digital_Design_CS223/2017 Fall/Labs/Final_project/Example_Project_02/steppermotor'
INFO: [Project 1-313] Project file moved from 'C:/Users/hamze/Dropbox/Academic/Courses/Bilkent_TA_Digital_Design_CS223/2017 Fall/Labs/Project_ready_Modules/Project_stepmotor' since last save.
Scanning sources...
Finished scanning sources
INFO: [IP_Flow 19-234] Refreshing IP repositories
INFO: [IP_Flow 19-1704] No user IP repositories specified
INFO: [IP_Flow 19-2313] Loaded Vivado IP repository 'C:/Xilinx/Vivado/2017.3/data/ip'.
open_project: Time (s): cpu = 00:00:17 ; elapsed = 00:00:08 . Memory (MB): peak = 814.430 ; gain = 92.898
update_compile_order -fileset sources_1
reset_project
reset_simulation
INFO: [Vivado 12-2266] Removing simulation data...
INFO: [Vivado 12-2267] Reset complete
exit
INFO: [Common 17-206] Exiting Vivado at Fri Nov 17 14:54:16 2017...
