#-----------------------------------------------------------
# Vivado v2017.3 (64-bit)
# SW Build 2018833 on Wed Oct  4 19:58:22 MDT 2017
# IP Build 2016188 on Wed Oct  4 21:52:56 MDT 2017
# Start of session at: Wed Nov 15 17:39:07 2017
# Process ID: 4040
# Current directory: C:/Users/hamze/Dropbox/Academic/Courses/Bilkent_TA_Digital_Design_CS223/2017 Fall/Labs/Project_ready_Modules/Project_stepmotor
# Command line: vivado.exe -gui_launcher_event rodinguilauncherevent4576 C:\Users\hamze\Dropbox\Academic\Courses\Bilkent_TA_Digital_Design_CS223\2017 Fall\Labs\Project_ready_Modules\Project_stepmotor\stepmotor.xpr
# Log file: C:/Users/hamze/Dropbox/Academic/Courses/Bilkent_TA_Digital_Design_CS223/2017 Fall/Labs/Project_ready_Modules/Project_stepmotor/vivado.log
# Journal file: C:/Users/hamze/Dropbox/Academic/Courses/Bilkent_TA_Digital_Design_CS223/2017 Fall/Labs/Project_ready_Modules/Project_stepmotor\vivado.jou
#-----------------------------------------------------------
start_gui
open_project {C:/Users/hamze/Dropbox/Academic/Courses/Bilkent_TA_Digital_Design_CS223/2017 Fall/Labs/Project_ready_Modules/Project_stepmotor/stepmotor.xpr}
INFO: [ProjectBase 1-489] The host OS only allows 260 characters in a normal path. The project is stored in a path with more than 80 characters. If you experience issues with IP, Block Designs, or files not being found, please consider moving the project to a location with a shorter path. Alternately consider using the OS subst command to map part of the path to a drive letter.
Current project path is 'C:/Users/hamze/Dropbox/Academic/Courses/Bilkent_TA_Digital_Design_CS223/2017 Fall/Labs/Project_ready_Modules/Project_stepmotor'
INFO: [Project 1-313] Project file moved from 'C:/Users/hamze/Dropbox/Academic/Courses/Bilkent_TA_Digital_Design_CS223/Tutorial_Projects_Vivado_Basys3/stepmotor_netlist_modules' since last save.
CRITICAL WARNING: [Project 1-311] Could not find the file 'C:/Users/hamze/Dropbox/Academic/Courses/Bilkent_TA_Digital_Design_CS223/2017 Fall/Labs/Project_ready_Modules/Project_stepmotor/stepmotor.srcs/sources_1/new/SevSeg_4digit.sv', nor could it be found using path 'C:/Users/hamze/Dropbox/Academic/Courses/Bilkent_TA_Digital_Design_CS223/Tutorial_Projects_Vivado_Basys3/stepmotor_netlist_modules/stepmotor.srcs/sources_1/new/SevSeg_4digit.sv'.
Scanning sources...
Finished scanning sources
INFO: [IP_Flow 19-234] Refreshing IP repositories
INFO: [IP_Flow 19-1704] No user IP repositories specified
INFO: [IP_Flow 19-2313] Loaded Vivado IP repository 'C:/Xilinx/Vivado/2017.3/data/ip'.
open_project: Time (s): cpu = 00:00:18 ; elapsed = 00:00:22 . Memory (MB): peak = 744.863 ; gain = 0.000
update_compile_order -fileset sources_1
export_ip_user_files -of_objects  [get_files {{C:/Users/hamze/Dropbox/Academic/Courses/Bilkent_TA_Digital_Design_CS223/2017 Fall/Labs/Project_ready_Modules/Project_stepmotor/stepmotor.srcs/sources_1/new/SevSeg_4digit.sv}}] -no_script -reset -force -quiet
remove_files  {{C:/Users/hamze/Dropbox/Academic/Courses/Bilkent_TA_Digital_Design_CS223/2017 Fall/Labs/Project_ready_Modules/Project_stepmotor/stepmotor.srcs/sources_1/new/SevSeg_4digit.sv}}
add_files -norecurse {{C:/Users/hamze/Dropbox/Academic/Courses/Bilkent_TA_Digital_Design_CS223/2017 Fall/Labs/Project_ready_Modules/Project_stepmotor/stepmotor.srcs/sources_1/new/stepmotor_wrapper.sv}}
update_compile_order -fileset sources_1
launch_runs synth_1 -jobs 2
CRITICAL WARNING: [HDL 9-806] Syntax error near "'d". [C:/Users/hamze/Dropbox/Academic/Courses/Bilkent_TA_Digital_Design_CS223/2017 Fall/Labs/Project_ready_Modules/Project_stepmotor/stepmotor.srcs/sources_1/new/stepmotor_wrapper.sv:66]
CRITICAL WARNING: [HDL 9-806] Syntax error near "'d". [C:/Users/hamze/Dropbox/Academic/Courses/Bilkent_TA_Digital_Design_CS223/2017 Fall/Labs/Project_ready_Modules/Project_stepmotor/stepmotor.srcs/sources_1/new/stepmotor_wrapper.sv:67]
CRITICAL WARNING: [HDL 9-806] Syntax error near "end". [C:/Users/hamze/Dropbox/Academic/Courses/Bilkent_TA_Digital_Design_CS223/2017 Fall/Labs/Project_ready_Modules/Project_stepmotor/stepmotor.srcs/sources_1/new/stepmotor_wrapper.sv:89]
CRITICAL WARNING: [HDL 9-806] Syntax error near "end". [C:/Users/hamze/Dropbox/Academic/Courses/Bilkent_TA_Digital_Design_CS223/2017 Fall/Labs/Project_ready_Modules/Project_stepmotor/stepmotor.srcs/sources_1/new/stepmotor_wrapper.sv:99]
[Wed Nov 15 17:46:46 2017] Launched synth_1...
Run output will be captured here: C:/Users/hamze/Dropbox/Academic/Courses/Bilkent_TA_Digital_Design_CS223/2017 Fall/Labs/Project_ready_Modules/Project_stepmotor/stepmotor.runs/synth_1/runme.log
reset_run synth_1
launch_runs synth_1 -jobs 2
CRITICAL WARNING: [HDL 9-806] Syntax error near "always". [C:/Users/hamze/Dropbox/Academic/Courses/Bilkent_TA_Digital_Design_CS223/2017 Fall/Labs/Project_ready_Modules/Project_stepmotor/stepmotor.srcs/sources_1/new/stepmotor_wrapper.sv:70]
CRITICAL WARNING: [HDL 9-806] Syntax error near "<=". [C:/Users/hamze/Dropbox/Academic/Courses/Bilkent_TA_Digital_Design_CS223/2017 Fall/Labs/Project_ready_Modules/Project_stepmotor/stepmotor.srcs/sources_1/new/stepmotor_wrapper.sv:78]
CRITICAL WARNING: [HDL 9-806] Syntax error near "<=". [C:/Users/hamze/Dropbox/Academic/Courses/Bilkent_TA_Digital_Design_CS223/2017 Fall/Labs/Project_ready_Modules/Project_stepmotor/stepmotor.srcs/sources_1/new/stepmotor_wrapper.sv:86]
CRITICAL WARNING: [HDL 9-806] Syntax error near "2". [C:/Users/hamze/Dropbox/Academic/Courses/Bilkent_TA_Digital_Design_CS223/2017 Fall/Labs/Project_ready_Modules/Project_stepmotor/stepmotor.srcs/sources_1/new/stepmotor_wrapper.sv:91]
CRITICAL WARNING: [HDL 9-806] Syntax error near "<=". [C:/Users/hamze/Dropbox/Academic/Courses/Bilkent_TA_Digital_Design_CS223/2017 Fall/Labs/Project_ready_Modules/Project_stepmotor/stepmotor.srcs/sources_1/new/stepmotor_wrapper.sv:96]
CRITICAL WARNING: [HDL 9-806] Syntax error near ":". [C:/Users/hamze/Dropbox/Academic/Courses/Bilkent_TA_Digital_Design_CS223/2017 Fall/Labs/Project_ready_Modules/Project_stepmotor/stepmotor.srcs/sources_1/new/stepmotor_wrapper.sv:101]
[Wed Nov 15 18:05:26 2017] Launched synth_1...
Run output will be captured here: C:/Users/hamze/Dropbox/Academic/Courses/Bilkent_TA_Digital_Design_CS223/2017 Fall/Labs/Project_ready_Modules/Project_stepmotor/stepmotor.runs/synth_1/runme.log
reset_run synth_1
launch_runs synth_1 -jobs 2
[Wed Nov 15 18:07:06 2017] Launched synth_1...
Run output will be captured here: C:/Users/hamze/Dropbox/Academic/Courses/Bilkent_TA_Digital_Design_CS223/2017 Fall/Labs/Project_ready_Modules/Project_stepmotor/stepmotor.runs/synth_1/runme.log
update_compile_order -fileset sources_1
update_compile_order -fileset sources_1
