
*** Running vivado
    with args -log top.vds -m64 -product Vivado -mode batch -messageDb vivado.pb -notrace -source top.tcl


****** Vivado v2017.3 (64-bit)
  **** SW Build 2018833 on Wed Oct  4 19:58:22 MDT 2017
  **** IP Build 2016188 on Wed Oct  4 21:52:56 MDT 2017
    ** Copyright 1986-2017 Xilinx, Inc. All Rights Reserved.

source top.tcl -notrace
Command: synth_design -top top -part xc7a35tcpg236-1 -flatten_hierarchy none
Starting synth_design
Attempting to get a license for feature 'Synthesis' and/or device 'xc7a35t'
INFO: [Common 17-349] Got license for feature 'Synthesis' and/or device 'xc7a35t'
INFO: Launching helper process for spawning children vivado processes
INFO: Helper process launched with PID 2036 
---------------------------------------------------------------------------------
Starting RTL Elaboration : Time (s): cpu = 00:00:11 ; elapsed = 00:00:12 . Memory (MB): peak = 344.195 ; gain = 94.043
---------------------------------------------------------------------------------
INFO: [Synth 8-638] synthesizing module 'top' [C:/Users/hamze/Dropbox/Academic/Courses/Bilkent_TA_Digital_Design_CS223/2017 Fall/Labs/Project_ready_Modules/Project_keypad_7seg/keypad_7seg/keyboard_matrix.srcs/sources_1/new/top.sv:22]
INFO: [Synth 8-638] synthesizing module 'keypad4X4' [C:/Users/hamze/Dropbox/Academic/Courses/Bilkent_TA_Digital_Design_CS223/2017 Fall/Labs/Project_ready_Modules/Project_keypad_7seg/keypad_7seg/keyboard_matrix.srcs/sources_1/new/keypad4X4.sv:23]
	Parameter N bound to: 17 - type: integer 
	Parameter M bound to: 6 - type: integer 
INFO: [Synth 8-226] default block is never used [C:/Users/hamze/Dropbox/Academic/Courses/Bilkent_TA_Digital_Design_CS223/2017 Fall/Labs/Project_ready_Modules/Project_keypad_7seg/keypad_7seg/keyboard_matrix.srcs/sources_1/new/keypad4X4.sv:98]
INFO: [Synth 8-256] done synthesizing module 'keypad4X4' (1#1) [C:/Users/hamze/Dropbox/Academic/Courses/Bilkent_TA_Digital_Design_CS223/2017 Fall/Labs/Project_ready_Modules/Project_keypad_7seg/keypad_7seg/keyboard_matrix.srcs/sources_1/new/keypad4X4.sv:23]
INFO: [Synth 8-638] synthesizing module 'SevSeg_4digit' [C:/Users/hamze/Dropbox/Academic/Courses/Bilkent_TA_Digital_Design_CS223/2017 Fall/Labs/Project_ready_Modules/Project_keypad_7seg/keypad_7seg/keyboard_matrix.srcs/sources_1/new/SevSeg_4digit.sv:37]
	Parameter N bound to: 18 - type: integer 
INFO: [Synth 8-226] default block is never used [C:/Users/hamze/Dropbox/Academic/Courses/Bilkent_TA_Digital_Design_CS223/2017 Fall/Labs/Project_ready_Modules/Project_keypad_7seg/keypad_7seg/keyboard_matrix.srcs/sources_1/new/SevSeg_4digit.sv:93]
INFO: [Synth 8-256] done synthesizing module 'SevSeg_4digit' (2#1) [C:/Users/hamze/Dropbox/Academic/Courses/Bilkent_TA_Digital_Design_CS223/2017 Fall/Labs/Project_ready_Modules/Project_keypad_7seg/keypad_7seg/keyboard_matrix.srcs/sources_1/new/SevSeg_4digit.sv:37]
INFO: [Synth 8-256] done synthesizing module 'top' (3#1) [C:/Users/hamze/Dropbox/Academic/Courses/Bilkent_TA_Digital_Design_CS223/2017 Fall/Labs/Project_ready_Modules/Project_keypad_7seg/keypad_7seg/keyboard_matrix.srcs/sources_1/new/top.sv:22]
---------------------------------------------------------------------------------
Finished RTL Elaboration : Time (s): cpu = 00:00:13 ; elapsed = 00:00:14 . Memory (MB): peak = 385.711 ; gain = 135.559
---------------------------------------------------------------------------------

Report Check Netlist: 
+------+------------------+-------+---------+-------+------------------+
|      |Item              |Errors |Warnings |Status |Description       |
+------+------------------+-------+---------+-------+------------------+
|1     |multi_driven_nets |      0|        0|Passed |Multi driven nets |
+------+------------------+-------+---------+-------+------------------+
---------------------------------------------------------------------------------
Finished RTL Optimization Phase 1 : Time (s): cpu = 00:00:14 ; elapsed = 00:00:14 . Memory (MB): peak = 385.711 ; gain = 135.559
---------------------------------------------------------------------------------
INFO: [Device 21-403] Loading part xc7a35tcpg236-1
INFO: [Project 1-570] Preparing netlist for logic optimization

Processing XDC Constraints
Initializing timing engine
Parsing XDC File [C:/Users/hamze/Dropbox/Academic/Courses/Bilkent_TA_Digital_Design_CS223/2017 Fall/Labs/Project_ready_Modules/Project_keypad_7seg/keypad_7seg/keyboard_matrix.srcs/constrs_1/new/top.xdc]
Finished Parsing XDC File [C:/Users/hamze/Dropbox/Academic/Courses/Bilkent_TA_Digital_Design_CS223/2017 Fall/Labs/Project_ready_Modules/Project_keypad_7seg/keypad_7seg/keyboard_matrix.srcs/constrs_1/new/top.xdc]
INFO: [Project 1-236] Implementation specific constraints were found while reading constraint file [C:/Users/hamze/Dropbox/Academic/Courses/Bilkent_TA_Digital_Design_CS223/2017 Fall/Labs/Project_ready_Modules/Project_keypad_7seg/keypad_7seg/keyboard_matrix.srcs/constrs_1/new/top.xdc]. These constraints will be ignored for synthesis but will be used in implementation. Impacted constraints are listed in the file [.Xil/top_propImpl.xdc].
Resolution: To avoid this warning, move constraints listed in [.Xil/top_propImpl.xdc] to another XDC file and exclude this new file from synthesis with the used_in_synthesis property (File Properties dialog in GUI) and re-run elaboration/synthesis.
Completed Processing XDC Constraints

INFO: [Project 1-111] Unisim Transformation Summary:
No Unisim elements were transformed.

Constraint Validation Runtime : Time (s): cpu = 00:00:00 ; elapsed = 00:00:00.003 . Memory (MB): peak = 694.914 ; gain = 0.000
---------------------------------------------------------------------------------
Finished Constraint Validation : Time (s): cpu = 00:00:36 ; elapsed = 00:00:37 . Memory (MB): peak = 694.914 ; gain = 444.762
---------------------------------------------------------------------------------
---------------------------------------------------------------------------------
Start Loading Part and Timing Information
---------------------------------------------------------------------------------
Loading part: xc7a35tcpg236-1
---------------------------------------------------------------------------------
Finished Loading Part and Timing Information : Time (s): cpu = 00:00:36 ; elapsed = 00:00:37 . Memory (MB): peak = 694.914 ; gain = 444.762
---------------------------------------------------------------------------------
---------------------------------------------------------------------------------
Start Applying 'set_property' XDC Constraints
---------------------------------------------------------------------------------
---------------------------------------------------------------------------------
Finished applying 'set_property' XDC Constraints : Time (s): cpu = 00:00:36 ; elapsed = 00:00:37 . Memory (MB): peak = 694.914 ; gain = 444.762
---------------------------------------------------------------------------------
INFO: [Synth 8-802] inferred FSM for state register 'row_reg' in module 'keypad4X4'
INFO: [Synth 8-5546] ROM "finish" won't be mapped to RAM because it is too sparse
INFO: [Synth 8-5544] ROM "row_encoded" won't be mapped to Block RAM because address size (4) smaller than threshold (5)
INFO: [Synth 8-5544] ROM "row" won't be mapped to Block RAM because address size (4) smaller than threshold (5)
WARNING: [Synth 8-6014] Unused sequential element count_reg was removed.  [C:/Users/hamze/Dropbox/Academic/Courses/Bilkent_TA_Digital_Design_CS223/2017 Fall/Labs/Project_ready_Modules/Project_keypad_7seg/keypad_7seg/keyboard_matrix.srcs/sources_1/new/keypad4X4.sv:43]
WARNING: [Synth 8-6014] Unused sequential element count_deb_reg was removed.  [C:/Users/hamze/Dropbox/Academic/Courses/Bilkent_TA_Digital_Design_CS223/2017 Fall/Labs/Project_ready_Modules/Project_keypad_7seg/keypad_7seg/keyboard_matrix.srcs/sources_1/new/keypad4X4.sv:131]
WARNING: [Synth 8-6014] Unused sequential element count_reg was removed.  [C:/Users/hamze/Dropbox/Academic/Courses/Bilkent_TA_Digital_Design_CS223/2017 Fall/Labs/Project_ready_Modules/Project_keypad_7seg/keypad_7seg/keyboard_matrix.srcs/sources_1/new/SevSeg_4digit.sv:48]
---------------------------------------------------------------------------------------------------
                   State |                     New Encoding |                Previous Encoding 
---------------------------------------------------------------------------------------------------
                 iSTATE3 |                            00001 |                             0000
*
                  iSTATE |                            00010 |                             0111
                 iSTATE0 |                            00100 |                             1011
                 iSTATE1 |                            01000 |                             1101
                 iSTATE2 |                            10000 |                             1110
---------------------------------------------------------------------------------------------------
INFO: [Synth 8-3354] encoded FSM with state register 'row_reg' using encoding 'one-hot' in module 'keypad4X4'
---------------------------------------------------------------------------------
Finished RTL Optimization Phase 2 : Time (s): cpu = 00:00:36 ; elapsed = 00:00:38 . Memory (MB): peak = 694.914 ; gain = 444.762
---------------------------------------------------------------------------------

Report RTL Partitions: 
+-+--------------+------------+----------+
| |RTL Partition |Replication |Instances |
+-+--------------+------------+----------+
+-+--------------+------------+----------+
---------------------------------------------------------------------------------
Start RTL Component Statistics 
---------------------------------------------------------------------------------
Detailed RTL Component Info : 
+---Adders : 
	   2 Input      6 Bit       Adders := 1     
	   2 Input      4 Bit       Adders := 16    
+---Registers : 
	                6 Bit    Registers := 1     
	                4 Bit    Registers := 7     
	                1 Bit    Registers := 6     
+---Muxes : 
	   5 Input      5 Bit        Muxes := 1     
	   5 Input      4 Bit        Muxes := 1     
	   4 Input      4 Bit        Muxes := 2     
	   5 Input      3 Bit        Muxes := 1     
	   5 Input      2 Bit        Muxes := 1     
	   5 Input      1 Bit        Muxes := 1     
	   2 Input      1 Bit        Muxes := 1     
	  16 Input      1 Bit        Muxes := 4     
---------------------------------------------------------------------------------
Finished RTL Component Statistics 
---------------------------------------------------------------------------------
---------------------------------------------------------------------------------
Start RTL Hierarchical Component Statistics 
---------------------------------------------------------------------------------
Hierarchical RTL Component report 
Module top 
Detailed RTL Component Info : 
+---Adders : 
	   2 Input      4 Bit       Adders := 16    
+---Registers : 
	                4 Bit    Registers := 4     
+---Muxes : 
	  16 Input      1 Bit        Muxes := 4     
Module keypad4X4 
Detailed RTL Component Info : 
+---Adders : 
	   2 Input      6 Bit       Adders := 1     
+---Registers : 
	                6 Bit    Registers := 1     
	                4 Bit    Registers := 3     
	                1 Bit    Registers := 6     
+---Muxes : 
	   5 Input      5 Bit        Muxes := 1     
	   5 Input      4 Bit        Muxes := 1     
	   5 Input      3 Bit        Muxes := 1     
	   5 Input      2 Bit        Muxes := 1     
	   5 Input      1 Bit        Muxes := 1     
	   2 Input      1 Bit        Muxes := 1     
Module SevSeg_4digit 
Detailed RTL Component Info : 
+---Muxes : 
	   4 Input      4 Bit        Muxes := 2     
---------------------------------------------------------------------------------
Finished RTL Hierarchical Component Statistics
---------------------------------------------------------------------------------
---------------------------------------------------------------------------------
Start Part Resource Summary
---------------------------------------------------------------------------------
Part Resources:
DSPs: 90 (col length:60)
BRAMs: 100 (col length: RAMB18 60 RAMB36 30)
---------------------------------------------------------------------------------
Finished Part Resource Summary
---------------------------------------------------------------------------------
---------------------------------------------------------------------------------
Start Cross Boundary and Area Optimization
---------------------------------------------------------------------------------
WARNING: [Synth 8-6014] Unused sequential element count_reg was removed.  [C:/Users/hamze/Dropbox/Academic/Courses/Bilkent_TA_Digital_Design_CS223/2017 Fall/Labs/Project_ready_Modules/Project_keypad_7seg/keypad_7seg/keyboard_matrix.srcs/sources_1/new/keypad4X4.sv:43]
WARNING: [Synth 8-6014] Unused sequential element count_deb_reg was removed.  [C:/Users/hamze/Dropbox/Academic/Courses/Bilkent_TA_Digital_Design_CS223/2017 Fall/Labs/Project_ready_Modules/Project_keypad_7seg/keypad_7seg/keyboard_matrix.srcs/sources_1/new/keypad4X4.sv:131]
WARNING: [Synth 8-6014] Unused sequential element count_reg was removed.  [C:/Users/hamze/Dropbox/Academic/Courses/Bilkent_TA_Digital_Design_CS223/2017 Fall/Labs/Project_ready_Modules/Project_keypad_7seg/keypad_7seg/keyboard_matrix.srcs/sources_1/new/SevSeg_4digit.sv:48]
---------------------------------------------------------------------------------
Finished Cross Boundary and Area Optimization : Time (s): cpu = 00:00:38 ; elapsed = 00:00:40 . Memory (MB): peak = 694.914 ; gain = 444.762
---------------------------------------------------------------------------------

Report RTL Partitions: 
+-+--------------+------------+----------+
| |RTL Partition |Replication |Instances |
+-+--------------+------------+----------+
+-+--------------+------------+----------+
---------------------------------------------------------------------------------
Start Applying XDC Timing Constraints
---------------------------------------------------------------------------------
---------------------------------------------------------------------------------
Finished Applying XDC Timing Constraints : Time (s): cpu = 00:00:59 ; elapsed = 00:01:01 . Memory (MB): peak = 694.914 ; gain = 444.762
---------------------------------------------------------------------------------
---------------------------------------------------------------------------------
Start Timing Optimization
---------------------------------------------------------------------------------
---------------------------------------------------------------------------------
Finished Timing Optimization : Time (s): cpu = 00:00:59 ; elapsed = 00:01:01 . Memory (MB): peak = 694.914 ; gain = 444.762
---------------------------------------------------------------------------------

Report RTL Partitions: 
+-+--------------+------------+----------+
| |RTL Partition |Replication |Instances |
+-+--------------+------------+----------+
+-+--------------+------------+----------+
---------------------------------------------------------------------------------
Start Technology Mapping
---------------------------------------------------------------------------------
---------------------------------------------------------------------------------
Finished Technology Mapping : Time (s): cpu = 00:01:00 ; elapsed = 00:01:02 . Memory (MB): peak = 694.914 ; gain = 444.762
---------------------------------------------------------------------------------

Report RTL Partitions: 
+-+--------------+------------+----------+
| |RTL Partition |Replication |Instances |
+-+--------------+------------+----------+
+-+--------------+------------+----------+
---------------------------------------------------------------------------------
Start IO Insertion
---------------------------------------------------------------------------------
---------------------------------------------------------------------------------
Start Final Netlist Cleanup
---------------------------------------------------------------------------------
---------------------------------------------------------------------------------
Finished Final Netlist Cleanup
---------------------------------------------------------------------------------
---------------------------------------------------------------------------------
Finished IO Insertion : Time (s): cpu = 00:01:02 ; elapsed = 00:01:04 . Memory (MB): peak = 694.914 ; gain = 444.762
---------------------------------------------------------------------------------

Report Check Netlist: 
+------+------------------+-------+---------+-------+------------------+
|      |Item              |Errors |Warnings |Status |Description       |
+------+------------------+-------+---------+-------+------------------+
|1     |multi_driven_nets |      0|        0|Passed |Multi driven nets |
+------+------------------+-------+---------+-------+------------------+
---------------------------------------------------------------------------------
Start Renaming Generated Instances
---------------------------------------------------------------------------------
---------------------------------------------------------------------------------
Finished Renaming Generated Instances : Time (s): cpu = 00:01:02 ; elapsed = 00:01:04 . Memory (MB): peak = 694.914 ; gain = 444.762
---------------------------------------------------------------------------------

Report RTL Partitions: 
+-+--------------+------------+----------+
| |RTL Partition |Replication |Instances |
+-+--------------+------------+----------+
+-+--------------+------------+----------+
---------------------------------------------------------------------------------
Start Handling Custom Attributes
---------------------------------------------------------------------------------
---------------------------------------------------------------------------------
Finished Handling Custom Attributes : Time (s): cpu = 00:01:02 ; elapsed = 00:01:04 . Memory (MB): peak = 694.914 ; gain = 444.762
---------------------------------------------------------------------------------
---------------------------------------------------------------------------------
Start Writing Synthesis Report
---------------------------------------------------------------------------------

Report BlackBoxes: 
+-+--------------+----------+
| |BlackBox name |Instances |
+-+--------------+----------+
+-+--------------+----------+

Report Cell Usage: 
+------+-------+------+
|      |Cell   |Count |
+------+-------+------+
|1     |BUFG   |     1|
|2     |CARRY4 |    10|
|3     |LUT1   |     3|
|4     |LUT2   |    14|
|5     |LUT3   |    11|
|6     |LUT4   |    16|
|7     |LUT5   |     7|
|8     |LUT6   |    17|
|9     |FDRE   |    80|
|10    |IBUF   |     5|
|11    |OBUF   |    16|
+------+-------+------+

Report Instance Areas: 
+------+----------------------+--------------+------+
|      |Instance              |Module        |Cells |
+------+----------------------+--------------+------+
|1     |top                   |              |   180|
|2     |  keypad4X4_inst0     |keypad4X4     |    83|
|3     |  SevSeg_4digit_inst0 |SevSeg_4digit |    39|
+------+----------------------+--------------+------+
---------------------------------------------------------------------------------
Finished Writing Synthesis Report : Time (s): cpu = 00:01:02 ; elapsed = 00:01:04 . Memory (MB): peak = 694.914 ; gain = 444.762
---------------------------------------------------------------------------------
Synthesis finished with 0 errors, 0 critical warnings and 6 warnings.
Synthesis Optimization Runtime : Time (s): cpu = 00:00:38 ; elapsed = 00:00:52 . Memory (MB): peak = 694.914 ; gain = 135.559
Synthesis Optimization Complete : Time (s): cpu = 00:01:02 ; elapsed = 00:01:04 . Memory (MB): peak = 694.914 ; gain = 444.762
INFO: [Project 1-571] Translating synthesized netlist
INFO: [Netlist 29-17] Analyzing 15 Unisim elements for replacement
INFO: [Netlist 29-28] Unisim Transformation completed in 0 CPU seconds
INFO: [Project 1-570] Preparing netlist for logic optimization
INFO: [Opt 31-138] Pushed 0 inverter(s) to 0 load pin(s).
INFO: [Project 1-111] Unisim Transformation Summary:
No Unisim elements were transformed.

INFO: [Common 17-83] Releasing license: Synthesis
25 Infos, 6 Warnings, 0 Critical Warnings and 0 Errors encountered.
synth_design completed successfully
synth_design: Time (s): cpu = 00:01:03 ; elapsed = 00:01:06 . Memory (MB): peak = 694.914 ; gain = 457.195
INFO: [Common 17-1381] The checkpoint 'C:/Users/hamze/Dropbox/Academic/Courses/Bilkent_TA_Digital_Design_CS223/2017 Fall/Labs/Project_ready_Modules/Project_keypad_7seg/keypad_7seg/keyboard_matrix.runs/synth_1/top.dcp' has been generated.
INFO: [runtcl-4] Executing : report_utilization -file top_utilization_synth.rpt -pb top_utilization_synth.pb
report_utilization: Time (s): cpu = 00:00:00 ; elapsed = 00:00:00.050 . Memory (MB): peak = 694.914 ; gain = 0.000
INFO: [Common 17-206] Exiting Vivado at Fri Nov 17 11:27:19 2017...

*** Running vivado
    with args -log top.vds -m64 -product Vivado -mode batch -messageDb vivado.pb -notrace -source top.tcl


****** Vivado v2017.3 (64-bit)
  **** SW Build 2018833 on Wed Oct  4 19:58:22 MDT 2017
  **** IP Build 2016188 on Wed Oct  4 21:52:56 MDT 2017
    ** Copyright 1986-2017 Xilinx, Inc. All Rights Reserved.

source top.tcl -notrace
Command: synth_design -top top -part xc7a35tcpg236-1 -flatten_hierarchy none
Starting synth_design
Attempting to get a license for feature 'Synthesis' and/or device 'xc7a35t'
INFO: [Common 17-349] Got license for feature 'Synthesis' and/or device 'xc7a35t'
INFO: Launching helper process for spawning children vivado processes
INFO: Helper process launched with PID 7140 
---------------------------------------------------------------------------------
Starting RTL Elaboration : Time (s): cpu = 00:00:11 ; elapsed = 00:00:11 . Memory (MB): peak = 344.633 ; gain = 94.480
---------------------------------------------------------------------------------
INFO: [Synth 8-638] synthesizing module 'top' [C:/Users/hamze/Dropbox/Academic/Courses/Bilkent_TA_Digital_Design_CS223/2017 Fall/Labs/Project_ready_Modules/Project_keypad_7seg/keypad_7seg/keyboard_matrix.srcs/sources_1/new/top.sv:22]
INFO: [Synth 8-638] synthesizing module 'keypad4X4' [C:/Users/hamze/Dropbox/Academic/Courses/Bilkent_TA_Digital_Design_CS223/2017 Fall/Labs/Project_ready_Modules/Project_keypad_7seg/keypad_7seg/keyboard_matrix.srcs/sources_1/new/keypad4X4.sv:25]
INFO: [Synth 8-638] synthesizing module 'LUT4' [C:/Xilinx/Vivado/2017.3/scripts/rt/data/unisim_comp.v:25570]
	Parameter INIT bound to: 16'b1010101010101011 
INFO: [Synth 8-256] done synthesizing module 'LUT4' (1#1) [C:/Xilinx/Vivado/2017.3/scripts/rt/data/unisim_comp.v:25570]
INFO: [Synth 8-638] synthesizing module 'LUT2' [C:/Xilinx/Vivado/2017.3/scripts/rt/data/unisim_comp.v:25490]
	Parameter INIT bound to: 4'b0010 
INFO: [Synth 8-256] done synthesizing module 'LUT2' (2#1) [C:/Xilinx/Vivado/2017.3/scripts/rt/data/unisim_comp.v:25490]
INFO: [Synth 8-638] synthesizing module 'FDRE' [C:/Xilinx/Vivado/2017.3/scripts/rt/data/unisim_comp.v:3964]
	Parameter INIT bound to: 1'b1 
	Parameter IS_C_INVERTED bound to: 1'b0 
	Parameter IS_D_INVERTED bound to: 1'b0 
	Parameter IS_R_INVERTED bound to: 1'b0 
INFO: [Synth 8-256] done synthesizing module 'FDRE' (3#1) [C:/Xilinx/Vivado/2017.3/scripts/rt/data/unisim_comp.v:3964]
INFO: [Synth 8-638] synthesizing module 'FDRE__parameterized0' [C:/Xilinx/Vivado/2017.3/scripts/rt/data/unisim_comp.v:3964]
	Parameter INIT bound to: 1'b0 
	Parameter IS_C_INVERTED bound to: 1'b0 
	Parameter IS_D_INVERTED bound to: 1'b0 
	Parameter IS_R_INVERTED bound to: 1'b0 
INFO: [Synth 8-256] done synthesizing module 'FDRE__parameterized0' (3#1) [C:/Xilinx/Vivado/2017.3/scripts/rt/data/unisim_comp.v:3964]
INFO: [Synth 8-638] synthesizing module 'GND' [C:/Xilinx/Vivado/2017.3/scripts/rt/data/unisim_comp.v:4942]
INFO: [Synth 8-256] done synthesizing module 'GND' (4#1) [C:/Xilinx/Vivado/2017.3/scripts/rt/data/unisim_comp.v:4942]
INFO: [Synth 8-638] synthesizing module 'VCC' [C:/Xilinx/Vivado/2017.3/scripts/rt/data/unisim_comp.v:52070]
INFO: [Synth 8-256] done synthesizing module 'VCC' (5#1) [C:/Xilinx/Vivado/2017.3/scripts/rt/data/unisim_comp.v:52070]
INFO: [Synth 8-638] synthesizing module 'LUT3' [C:/Xilinx/Vivado/2017.3/scripts/rt/data/unisim_comp.v:25528]
	Parameter INIT bound to: 8'b10000000 
INFO: [Synth 8-256] done synthesizing module 'LUT3' (6#1) [C:/Xilinx/Vivado/2017.3/scripts/rt/data/unisim_comp.v:25528]
INFO: [Synth 8-638] synthesizing module 'LUT6' [C:/Xilinx/Vivado/2017.3/scripts/rt/data/unisim_comp.v:25666]
	Parameter INIT bound to: 64'b1000000000000000000000000000000000000000000000000000000000000000 
INFO: [Synth 8-256] done synthesizing module 'LUT6' (7#1) [C:/Xilinx/Vivado/2017.3/scripts/rt/data/unisim_comp.v:25666]
INFO: [Synth 8-638] synthesizing module 'LUT5' [C:/Xilinx/Vivado/2017.3/scripts/rt/data/unisim_comp.v:25616]
	Parameter INIT bound to: 32'b10000000000000000000000000000000 
INFO: [Synth 8-256] done synthesizing module 'LUT5' (8#1) [C:/Xilinx/Vivado/2017.3/scripts/rt/data/unisim_comp.v:25616]
INFO: [Synth 8-638] synthesizing module 'LUT6__parameterized0' [C:/Xilinx/Vivado/2017.3/scripts/rt/data/unisim_comp.v:25666]
	Parameter INIT bound to: 64'b0000000000000000100000000000000000000000000000000000000000000000 
INFO: [Synth 8-256] done synthesizing module 'LUT6__parameterized0' (8#1) [C:/Xilinx/Vivado/2017.3/scripts/rt/data/unisim_comp.v:25666]
INFO: [Synth 8-638] synthesizing module 'LUT6__parameterized1' [C:/Xilinx/Vivado/2017.3/scripts/rt/data/unisim_comp.v:25666]
	Parameter INIT bound to: 64'b0000000000000000000000000000000000000000000000000000000000000001 
INFO: [Synth 8-256] done synthesizing module 'LUT6__parameterized1' (8#1) [C:/Xilinx/Vivado/2017.3/scripts/rt/data/unisim_comp.v:25666]
INFO: [Synth 8-638] synthesizing module 'LUT5__parameterized0' [C:/Xilinx/Vivado/2017.3/scripts/rt/data/unisim_comp.v:25616]
	Parameter INIT bound to: 32'b00000000000000000000000000000001 
INFO: [Synth 8-256] done synthesizing module 'LUT5__parameterized0' (8#1) [C:/Xilinx/Vivado/2017.3/scripts/rt/data/unisim_comp.v:25616]
INFO: [Synth 8-638] synthesizing module 'LUT1' [C:/Xilinx/Vivado/2017.3/scripts/rt/data/unisim_comp.v:25456]
	Parameter INIT bound to: 2'b01 
INFO: [Synth 8-256] done synthesizing module 'LUT1' (9#1) [C:/Xilinx/Vivado/2017.3/scripts/rt/data/unisim_comp.v:25456]
INFO: [Synth 8-638] synthesizing module 'LUT2__parameterized0' [C:/Xilinx/Vivado/2017.3/scripts/rt/data/unisim_comp.v:25490]
	Parameter INIT bound to: 4'b0110 
INFO: [Synth 8-256] done synthesizing module 'LUT2__parameterized0' (9#1) [C:/Xilinx/Vivado/2017.3/scripts/rt/data/unisim_comp.v:25490]
INFO: [Synth 8-638] synthesizing module 'LUT3__parameterized0' [C:/Xilinx/Vivado/2017.3/scripts/rt/data/unisim_comp.v:25528]
	Parameter INIT bound to: 8'b01111000 
INFO: [Synth 8-256] done synthesizing module 'LUT3__parameterized0' (9#1) [C:/Xilinx/Vivado/2017.3/scripts/rt/data/unisim_comp.v:25528]
INFO: [Synth 8-638] synthesizing module 'LUT4__parameterized0' [C:/Xilinx/Vivado/2017.3/scripts/rt/data/unisim_comp.v:25570]
	Parameter INIT bound to: 16'b0111111110000000 
INFO: [Synth 8-256] done synthesizing module 'LUT4__parameterized0' (9#1) [C:/Xilinx/Vivado/2017.3/scripts/rt/data/unisim_comp.v:25570]
INFO: [Synth 8-638] synthesizing module 'LUT5__parameterized1' [C:/Xilinx/Vivado/2017.3/scripts/rt/data/unisim_comp.v:25616]
	Parameter INIT bound to: 32'b01111111111111111000000000000000 
INFO: [Synth 8-256] done synthesizing module 'LUT5__parameterized1' (9#1) [C:/Xilinx/Vivado/2017.3/scripts/rt/data/unisim_comp.v:25616]
INFO: [Synth 8-638] synthesizing module 'LUT6__parameterized2' [C:/Xilinx/Vivado/2017.3/scripts/rt/data/unisim_comp.v:25666]
	Parameter INIT bound to: 64'b1111011011111111111111111111011011110000111100001111000011110000 
INFO: [Synth 8-256] done synthesizing module 'LUT6__parameterized2' (9#1) [C:/Xilinx/Vivado/2017.3/scripts/rt/data/unisim_comp.v:25666]
INFO: [Synth 8-638] synthesizing module 'LUT2__parameterized1' [C:/Xilinx/Vivado/2017.3/scripts/rt/data/unisim_comp.v:25490]
	Parameter INIT bound to: 4'b1000 
INFO: [Synth 8-256] done synthesizing module 'LUT2__parameterized1' (9#1) [C:/Xilinx/Vivado/2017.3/scripts/rt/data/unisim_comp.v:25490]
INFO: [Synth 8-638] synthesizing module 'LUT6__parameterized3' [C:/Xilinx/Vivado/2017.3/scripts/rt/data/unisim_comp.v:25666]
	Parameter INIT bound to: 64'b0111111111111111111111111111111110000000000000000000000000000000 
INFO: [Synth 8-256] done synthesizing module 'LUT6__parameterized3' (9#1) [C:/Xilinx/Vivado/2017.3/scripts/rt/data/unisim_comp.v:25666]
INFO: [Synth 8-638] synthesizing module 'LUT6__parameterized4' [C:/Xilinx/Vivado/2017.3/scripts/rt/data/unisim_comp.v:25666]
	Parameter INIT bound to: 64'b0111110111111111111111110111110100000000000000000000000000000000 
INFO: [Synth 8-256] done synthesizing module 'LUT6__parameterized4' (9#1) [C:/Xilinx/Vivado/2017.3/scripts/rt/data/unisim_comp.v:25666]
INFO: [Synth 8-638] synthesizing module 'LUT6__parameterized5' [C:/Xilinx/Vivado/2017.3/scripts/rt/data/unisim_comp.v:25666]
	Parameter INIT bound to: 64'b0111111111111111111111111111111111111111111111111111111111111111 
INFO: [Synth 8-256] done synthesizing module 'LUT6__parameterized5' (9#1) [C:/Xilinx/Vivado/2017.3/scripts/rt/data/unisim_comp.v:25666]
INFO: [Synth 8-638] synthesizing module 'CARRY4' [C:/Xilinx/Vivado/2017.3/scripts/rt/data/unisim_comp.v:961]
INFO: [Synth 8-256] done synthesizing module 'CARRY4' (10#1) [C:/Xilinx/Vivado/2017.3/scripts/rt/data/unisim_comp.v:961]
WARNING: [Synth 8-689] width (1) of port connection 'O' does not match port width (4) of module 'CARRY4' [C:/Users/hamze/Dropbox/Academic/Courses/Bilkent_TA_Digital_Design_CS223/2017 Fall/Labs/Project_ready_Modules/Project_keypad_7seg/keypad_7seg/keyboard_matrix.srcs/sources_1/new/keypad4X4.sv:523]
WARNING: [Synth 8-350] instance 'count_reg[16]_i_1' of module 'CARRY4' requires 6 connections, but only 5 given [C:/Users/hamze/Dropbox/Academic/Courses/Bilkent_TA_Digital_Design_CS223/2017 Fall/Labs/Project_ready_Modules/Project_keypad_7seg/keypad_7seg/keyboard_matrix.srcs/sources_1/new/keypad4X4.sv:519]
INFO: [Synth 8-638] synthesizing module 'LUT3__parameterized1' [C:/Xilinx/Vivado/2017.3/scripts/rt/data/unisim_comp.v:25528]
	Parameter INIT bound to: 8'b11111110 
INFO: [Synth 8-256] done synthesizing module 'LUT3__parameterized1' (10#1) [C:/Xilinx/Vivado/2017.3/scripts/rt/data/unisim_comp.v:25528]
INFO: [Synth 8-638] synthesizing module 'LUT4__parameterized1' [C:/Xilinx/Vivado/2017.3/scripts/rt/data/unisim_comp.v:25570]
	Parameter INIT bound to: 16'b0111111111111111 
INFO: [Synth 8-256] done synthesizing module 'LUT4__parameterized1' (10#1) [C:/Xilinx/Vivado/2017.3/scripts/rt/data/unisim_comp.v:25570]
INFO: [Synth 8-638] synthesizing module 'LUT4__parameterized2' [C:/Xilinx/Vivado/2017.3/scripts/rt/data/unisim_comp.v:25570]
	Parameter INIT bound to: 16'b0010000010101010 
INFO: [Synth 8-256] done synthesizing module 'LUT4__parameterized2' (10#1) [C:/Xilinx/Vivado/2017.3/scripts/rt/data/unisim_comp.v:25570]
INFO: [Synth 8-638] synthesizing module 'LUT4__parameterized3' [C:/Xilinx/Vivado/2017.3/scripts/rt/data/unisim_comp.v:25570]
	Parameter INIT bound to: 16'b0010101000000000 
INFO: [Synth 8-256] done synthesizing module 'LUT4__parameterized3' (10#1) [C:/Xilinx/Vivado/2017.3/scripts/rt/data/unisim_comp.v:25570]
INFO: [Synth 8-638] synthesizing module 'LUT2__parameterized2' [C:/Xilinx/Vivado/2017.3/scripts/rt/data/unisim_comp.v:25490]
	Parameter INIT bound to: 4'b1110 
INFO: [Synth 8-256] done synthesizing module 'LUT2__parameterized2' (10#1) [C:/Xilinx/Vivado/2017.3/scripts/rt/data/unisim_comp.v:25490]
INFO: [Synth 8-256] done synthesizing module 'keypad4X4' (11#1) [C:/Users/hamze/Dropbox/Academic/Courses/Bilkent_TA_Digital_Design_CS223/2017 Fall/Labs/Project_ready_Modules/Project_keypad_7seg/keypad_7seg/keyboard_matrix.srcs/sources_1/new/keypad4X4.sv:25]
INFO: [Synth 8-638] synthesizing module 'SevSeg_4digit' [C:/Users/hamze/Dropbox/Academic/Courses/Bilkent_TA_Digital_Design_CS223/2017 Fall/Labs/Project_ready_Modules/Project_keypad_7seg/keypad_7seg/keyboard_matrix.srcs/sources_1/new/SevSeg_4digit.sv:39]
INFO: [Synth 8-638] synthesizing module 'LUT4__parameterized4' [C:/Xilinx/Vivado/2017.3/scripts/rt/data/unisim_comp.v:25570]
	Parameter INIT bound to: 16'b0010000010010100 
INFO: [Synth 8-256] done synthesizing module 'LUT4__parameterized4' (11#1) [C:/Xilinx/Vivado/2017.3/scripts/rt/data/unisim_comp.v:25570]
INFO: [Synth 8-638] synthesizing module 'LUT6__parameterized6' [C:/Xilinx/Vivado/2017.3/scripts/rt/data/unisim_comp.v:25666]
	Parameter INIT bound to: 64'b1111000010101010111111111100110011110000101010100000000011001100 
INFO: [Synth 8-256] done synthesizing module 'LUT6__parameterized6' (11#1) [C:/Xilinx/Vivado/2017.3/scripts/rt/data/unisim_comp.v:25666]
INFO: [Synth 8-638] synthesizing module 'LUT2__parameterized3' [C:/Xilinx/Vivado/2017.3/scripts/rt/data/unisim_comp.v:25490]
	Parameter INIT bound to: 4'b1011 
INFO: [Synth 8-256] done synthesizing module 'LUT2__parameterized3' (11#1) [C:/Xilinx/Vivado/2017.3/scripts/rt/data/unisim_comp.v:25490]
INFO: [Synth 8-638] synthesizing module 'LUT2__parameterized4' [C:/Xilinx/Vivado/2017.3/scripts/rt/data/unisim_comp.v:25490]
	Parameter INIT bound to: 4'b0111 
INFO: [Synth 8-256] done synthesizing module 'LUT2__parameterized4' (11#1) [C:/Xilinx/Vivado/2017.3/scripts/rt/data/unisim_comp.v:25490]
INFO: [Synth 8-638] synthesizing module 'LUT4__parameterized5' [C:/Xilinx/Vivado/2017.3/scripts/rt/data/unisim_comp.v:25570]
	Parameter INIT bound to: 16'b1010110001001000 
INFO: [Synth 8-256] done synthesizing module 'LUT4__parameterized5' (11#1) [C:/Xilinx/Vivado/2017.3/scripts/rt/data/unisim_comp.v:25570]
INFO: [Synth 8-638] synthesizing module 'LUT4__parameterized6' [C:/Xilinx/Vivado/2017.3/scripts/rt/data/unisim_comp.v:25570]
	Parameter INIT bound to: 16'b1010001000010000 
INFO: [Synth 8-256] done synthesizing module 'LUT4__parameterized6' (11#1) [C:/Xilinx/Vivado/2017.3/scripts/rt/data/unisim_comp.v:25570]
WARNING: [Synth 8-689] width (1) of port connection 'CO' does not match port width (4) of module 'CARRY4' [C:/Users/hamze/Dropbox/Academic/Courses/Bilkent_TA_Digital_Design_CS223/2017 Fall/Labs/Project_ready_Modules/Project_keypad_7seg/keypad_7seg/keyboard_matrix.srcs/sources_1/new/SevSeg_4digit.sv:314]
WARNING: [Synth 8-689] width (2) of port connection 'O' does not match port width (4) of module 'CARRY4' [C:/Users/hamze/Dropbox/Academic/Courses/Bilkent_TA_Digital_Design_CS223/2017 Fall/Labs/Project_ready_Modules/Project_keypad_7seg/keypad_7seg/keyboard_matrix.srcs/sources_1/new/SevSeg_4digit.sv:317]
INFO: [Synth 8-638] synthesizing module 'LUT4__parameterized7' [C:/Xilinx/Vivado/2017.3/scripts/rt/data/unisim_comp.v:25570]
	Parameter INIT bound to: 16'b1100001000010100 
INFO: [Synth 8-256] done synthesizing module 'LUT4__parameterized7' (11#1) [C:/Xilinx/Vivado/2017.3/scripts/rt/data/unisim_comp.v:25570]
INFO: [Synth 8-638] synthesizing module 'LUT4__parameterized8' [C:/Xilinx/Vivado/2017.3/scripts/rt/data/unisim_comp.v:25570]
	Parameter INIT bound to: 16'b0101011100010000 
INFO: [Synth 8-256] done synthesizing module 'LUT4__parameterized8' (11#1) [C:/Xilinx/Vivado/2017.3/scripts/rt/data/unisim_comp.v:25570]
INFO: [Synth 8-638] synthesizing module 'LUT4__parameterized9' [C:/Xilinx/Vivado/2017.3/scripts/rt/data/unisim_comp.v:25570]
	Parameter INIT bound to: 16'b0101000110010000 
INFO: [Synth 8-256] done synthesizing module 'LUT4__parameterized9' (11#1) [C:/Xilinx/Vivado/2017.3/scripts/rt/data/unisim_comp.v:25570]
INFO: [Synth 8-638] synthesizing module 'LUT4__parameterized10' [C:/Xilinx/Vivado/2017.3/scripts/rt/data/unisim_comp.v:25570]
	Parameter INIT bound to: 16'b0100000000100101 
INFO: [Synth 8-256] done synthesizing module 'LUT4__parameterized10' (11#1) [C:/Xilinx/Vivado/2017.3/scripts/rt/data/unisim_comp.v:25570]
INFO: [Synth 8-256] done synthesizing module 'SevSeg_4digit' (12#1) [C:/Users/hamze/Dropbox/Academic/Courses/Bilkent_TA_Digital_Design_CS223/2017 Fall/Labs/Project_ready_Modules/Project_keypad_7seg/keypad_7seg/keyboard_matrix.srcs/sources_1/new/SevSeg_4digit.sv:39]
INFO: [Synth 8-256] done synthesizing module 'top' (13#1) [C:/Users/hamze/Dropbox/Academic/Courses/Bilkent_TA_Digital_Design_CS223/2017 Fall/Labs/Project_ready_Modules/Project_keypad_7seg/keypad_7seg/keyboard_matrix.srcs/sources_1/new/top.sv:22]
---------------------------------------------------------------------------------
Finished RTL Elaboration : Time (s): cpu = 00:00:14 ; elapsed = 00:00:14 . Memory (MB): peak = 386.148 ; gain = 135.996
---------------------------------------------------------------------------------

Report Check Netlist: 
+------+------------------+-------+---------+-------+------------------+
|      |Item              |Errors |Warnings |Status |Description       |
+------+------------------+-------+---------+-------+------------------+
|1     |multi_driven_nets |      0|        0|Passed |Multi driven nets |
+------+------------------+-------+---------+-------+------------------+
---------------------------------------------------------------------------------
Finished RTL Optimization Phase 1 : Time (s): cpu = 00:00:14 ; elapsed = 00:00:14 . Memory (MB): peak = 386.148 ; gain = 135.996
---------------------------------------------------------------------------------
INFO: [Netlist 29-17] Analyzing 10 Unisim elements for replacement
INFO: [Netlist 29-28] Unisim Transformation completed in 0 CPU seconds
INFO: [Device 21-403] Loading part xc7a35tcpg236-1
INFO: [Project 1-570] Preparing netlist for logic optimization

Processing XDC Constraints
Initializing timing engine
Parsing XDC File [C:/Users/hamze/Dropbox/Academic/Courses/Bilkent_TA_Digital_Design_CS223/2017 Fall/Labs/Project_ready_Modules/Project_keypad_7seg/keypad_7seg/keyboard_matrix.srcs/constrs_1/new/top.xdc]
Finished Parsing XDC File [C:/Users/hamze/Dropbox/Academic/Courses/Bilkent_TA_Digital_Design_CS223/2017 Fall/Labs/Project_ready_Modules/Project_keypad_7seg/keypad_7seg/keyboard_matrix.srcs/constrs_1/new/top.xdc]
INFO: [Project 1-236] Implementation specific constraints were found while reading constraint file [C:/Users/hamze/Dropbox/Academic/Courses/Bilkent_TA_Digital_Design_CS223/2017 Fall/Labs/Project_ready_Modules/Project_keypad_7seg/keypad_7seg/keyboard_matrix.srcs/constrs_1/new/top.xdc]. These constraints will be ignored for synthesis but will be used in implementation. Impacted constraints are listed in the file [.Xil/top_propImpl.xdc].
Resolution: To avoid this warning, move constraints listed in [.Xil/top_propImpl.xdc] to another XDC file and exclude this new file from synthesis with the used_in_synthesis property (File Properties dialog in GUI) and re-run elaboration/synthesis.
Completed Processing XDC Constraints

INFO: [Project 1-111] Unisim Transformation Summary:
No Unisim elements were transformed.

Constraint Validation Runtime : Time (s): cpu = 00:00:00 ; elapsed = 00:00:00.004 . Memory (MB): peak = 693.152 ; gain = 0.000
---------------------------------------------------------------------------------
Finished Constraint Validation : Time (s): cpu = 00:00:36 ; elapsed = 00:00:37 . Memory (MB): peak = 693.152 ; gain = 443.000
---------------------------------------------------------------------------------
---------------------------------------------------------------------------------
Start Loading Part and Timing Information
---------------------------------------------------------------------------------
Loading part: xc7a35tcpg236-1
---------------------------------------------------------------------------------
Finished Loading Part and Timing Information : Time (s): cpu = 00:00:36 ; elapsed = 00:00:37 . Memory (MB): peak = 693.152 ; gain = 443.000
---------------------------------------------------------------------------------
---------------------------------------------------------------------------------
Start Applying 'set_property' XDC Constraints
---------------------------------------------------------------------------------
---------------------------------------------------------------------------------
Finished applying 'set_property' XDC Constraints : Time (s): cpu = 00:00:36 ; elapsed = 00:00:37 . Memory (MB): peak = 693.152 ; gain = 443.000
---------------------------------------------------------------------------------
---------------------------------------------------------------------------------
Finished RTL Optimization Phase 2 : Time (s): cpu = 00:00:36 ; elapsed = 00:00:38 . Memory (MB): peak = 693.152 ; gain = 443.000
---------------------------------------------------------------------------------

Report RTL Partitions: 
+-+--------------+------------+----------+
| |RTL Partition |Replication |Instances |
+-+--------------+------------+----------+
+-+--------------+------------+----------+
---------------------------------------------------------------------------------
Start RTL Component Statistics 
---------------------------------------------------------------------------------
Detailed RTL Component Info : 
+---Adders : 
	   2 Input      4 Bit       Adders := 16    
+---Registers : 
	                4 Bit    Registers := 4     
+---Muxes : 
	  16 Input      1 Bit        Muxes := 4     
---------------------------------------------------------------------------------
Finished RTL Component Statistics 
---------------------------------------------------------------------------------
---------------------------------------------------------------------------------
Start RTL Hierarchical Component Statistics 
---------------------------------------------------------------------------------
Hierarchical RTL Component report 
Module top 
Detailed RTL Component Info : 
+---Adders : 
	   2 Input      4 Bit       Adders := 16    
+---Registers : 
	                4 Bit    Registers := 4     
+---Muxes : 
	  16 Input      1 Bit        Muxes := 4     
---------------------------------------------------------------------------------
Finished RTL Hierarchical Component Statistics
---------------------------------------------------------------------------------
---------------------------------------------------------------------------------
Start Part Resource Summary
---------------------------------------------------------------------------------
Part Resources:
DSPs: 90 (col length:60)
BRAMs: 100 (col length: RAMB18 60 RAMB36 30)
---------------------------------------------------------------------------------
Finished Part Resource Summary
---------------------------------------------------------------------------------
---------------------------------------------------------------------------------
Start Cross Boundary and Area Optimization
---------------------------------------------------------------------------------
---------------------------------------------------------------------------------
Finished Cross Boundary and Area Optimization : Time (s): cpu = 00:00:38 ; elapsed = 00:00:39 . Memory (MB): peak = 693.152 ; gain = 443.000
---------------------------------------------------------------------------------

Report RTL Partitions: 
+-+--------------+------------+----------+
| |RTL Partition |Replication |Instances |
+-+--------------+------------+----------+
+-+--------------+------------+----------+
---------------------------------------------------------------------------------
Start Applying XDC Timing Constraints
---------------------------------------------------------------------------------
---------------------------------------------------------------------------------
Finished Applying XDC Timing Constraints : Time (s): cpu = 00:00:59 ; elapsed = 00:01:01 . Memory (MB): peak = 693.152 ; gain = 443.000
---------------------------------------------------------------------------------
---------------------------------------------------------------------------------
Start Timing Optimization
---------------------------------------------------------------------------------
---------------------------------------------------------------------------------
Finished Timing Optimization : Time (s): cpu = 00:00:59 ; elapsed = 00:01:01 . Memory (MB): peak = 693.152 ; gain = 443.000
---------------------------------------------------------------------------------

Report RTL Partitions: 
+-+--------------+------------+----------+
| |RTL Partition |Replication |Instances |
+-+--------------+------------+----------+
+-+--------------+------------+----------+
---------------------------------------------------------------------------------
Start Technology Mapping
---------------------------------------------------------------------------------
---------------------------------------------------------------------------------
Finished Technology Mapping : Time (s): cpu = 00:00:59 ; elapsed = 00:01:01 . Memory (MB): peak = 693.152 ; gain = 443.000
---------------------------------------------------------------------------------

Report RTL Partitions: 
+-+--------------+------------+----------+
| |RTL Partition |Replication |Instances |
+-+--------------+------------+----------+
+-+--------------+------------+----------+
---------------------------------------------------------------------------------
Start IO Insertion
---------------------------------------------------------------------------------
---------------------------------------------------------------------------------
Start Final Netlist Cleanup
---------------------------------------------------------------------------------
---------------------------------------------------------------------------------
Finished Final Netlist Cleanup
---------------------------------------------------------------------------------
---------------------------------------------------------------------------------
Finished IO Insertion : Time (s): cpu = 00:01:01 ; elapsed = 00:01:03 . Memory (MB): peak = 693.152 ; gain = 443.000
---------------------------------------------------------------------------------

Report Check Netlist: 
+------+------------------+-------+---------+-------+------------------+
|      |Item              |Errors |Warnings |Status |Description       |
+------+------------------+-------+---------+-------+------------------+
|1     |multi_driven_nets |      0|        0|Passed |Multi driven nets |
+------+------------------+-------+---------+-------+------------------+
---------------------------------------------------------------------------------
Start Renaming Generated Instances
---------------------------------------------------------------------------------
---------------------------------------------------------------------------------
Finished Renaming Generated Instances : Time (s): cpu = 00:01:01 ; elapsed = 00:01:03 . Memory (MB): peak = 693.152 ; gain = 443.000
---------------------------------------------------------------------------------

Report RTL Partitions: 
+-+--------------+------------+----------+
| |RTL Partition |Replication |Instances |
+-+--------------+------------+----------+
+-+--------------+------------+----------+
---------------------------------------------------------------------------------
Start Handling Custom Attributes
---------------------------------------------------------------------------------
---------------------------------------------------------------------------------
Finished Handling Custom Attributes : Time (s): cpu = 00:01:01 ; elapsed = 00:01:03 . Memory (MB): peak = 693.152 ; gain = 443.000
---------------------------------------------------------------------------------
---------------------------------------------------------------------------------
Start Writing Synthesis Report
---------------------------------------------------------------------------------

Report BlackBoxes: 
+-+--------------+----------+
| |BlackBox name |Instances |
+-+--------------+----------+
+-+--------------+----------+

Report Cell Usage: 
+------+-------+------+
|      |Cell   |Count |
+------+-------+------+
|1     |BUFG   |     1|
|2     |CARRY4 |    10|
|3     |LUT1   |     3|
|4     |LUT2   |    14|
|5     |LUT3   |    11|
|6     |LUT4   |    16|
|7     |LUT5   |     7|
|8     |LUT6   |    17|
|9     |FDRE   |    80|
|10    |IBUF   |     5|
|11    |OBUF   |    16|
+------+-------+------+

Report Instance Areas: 
+------+----------------------+--------------+------+
|      |Instance              |Module        |Cells |
+------+----------------------+--------------+------+
|1     |top                   |              |   180|
|2     |  keypad4X4_inst0     |keypad4X4     |    83|
|3     |  SevSeg_4digit_inst0 |SevSeg_4digit |    39|
+------+----------------------+--------------+------+
---------------------------------------------------------------------------------
Finished Writing Synthesis Report : Time (s): cpu = 00:01:01 ; elapsed = 00:01:03 . Memory (MB): peak = 693.152 ; gain = 443.000
---------------------------------------------------------------------------------
Synthesis finished with 0 errors, 0 critical warnings and 0 warnings.
Synthesis Optimization Runtime : Time (s): cpu = 00:00:38 ; elapsed = 00:00:52 . Memory (MB): peak = 693.152 ; gain = 135.996
Synthesis Optimization Complete : Time (s): cpu = 00:01:02 ; elapsed = 00:01:03 . Memory (MB): peak = 693.152 ; gain = 443.000
INFO: [Project 1-571] Translating synthesized netlist
INFO: [Netlist 29-17] Analyzing 15 Unisim elements for replacement
INFO: [Netlist 29-28] Unisim Transformation completed in 0 CPU seconds
INFO: [Project 1-570] Preparing netlist for logic optimization
INFO: [Opt 31-138] Pushed 0 inverter(s) to 0 load pin(s).
INFO: [Project 1-111] Unisim Transformation Summary:
No Unisim elements were transformed.

INFO: [Common 17-83] Releasing license: Synthesis
96 Infos, 4 Warnings, 0 Critical Warnings and 0 Errors encountered.
synth_design completed successfully
synth_design: Time (s): cpu = 00:01:03 ; elapsed = 00:01:06 . Memory (MB): peak = 693.152 ; gain = 455.230
INFO: [Common 17-1381] The checkpoint 'C:/Users/hamze/Dropbox/Academic/Courses/Bilkent_TA_Digital_Design_CS223/2017 Fall/Labs/Project_ready_Modules/Project_keypad_7seg/keypad_7seg/keyboard_matrix.runs/synth_1/top.dcp' has been generated.
INFO: [runtcl-4] Executing : report_utilization -file top_utilization_synth.rpt -pb top_utilization_synth.pb
report_utilization: Time (s): cpu = 00:00:00 ; elapsed = 00:00:00.051 . Memory (MB): peak = 693.152 ; gain = 0.000
INFO: [Common 17-206] Exiting Vivado at Fri Nov 17 11:39:37 2017...
