#-----------------------------------------------------------
# Vivado v2015.2 (64-bit)
# SW Build 1266856 on Fri Jun 26 16:35:25 MDT 2015
# IP Build 1264090 on Wed Jun 24 14:22:01 MDT 2015
# Start of session at: Sat Dec 16 12:37:59 2017
# Process ID: 2340
# Log file: D:/Users/TEMP.PCLABS.001/Desktop/GameOfCodes/vivado.log
# Journal file: D:/Users/TEMP.PCLABS.001/Desktop/GameOfCodes\vivado.jou
#-----------------------------------------------------------
start_gui
open_project D:/Users/TEMP.PCLABS.001/Desktop/GameOfCodes/GameOfCodes.xpr
INFO: [Project 1-313] Project file moved from 'D:/Users/TEMP.PCLABS.000/GameOfCodes' since last save.
Scanning sources...
Finished scanning sources
INFO: [IP_Flow 19-234] Refreshing IP repositories
INFO: [IP_Flow 19-1704] No user IP repositories specified
INFO: [IP_Flow 19-2313] Loaded Vivado IP repository 'C:/Xilinx/Vivado/2015.2/data/ip'.
add_files -norecurse {D:/Users/TEMP.PCLABS.001/Desktop/Project_files/Ready_Modules/stepmotor.sv D:/Users/TEMP.PCLABS.001/Desktop/Project_files/Ready_Modules/SevSeg_4digit.sv D:/Users/TEMP.PCLABS.001/Desktop/Project_files/Ready_Modules/steppermotor_wrapper.sv D:/Users/TEMP.PCLABS.001/Desktop/Project_files/Ready_Modules/keypad4X4.sv}
update_compile_order -fileset sources_1
update_compile_order -fileset sources_1
update_compile_order -fileset sim_1
update_compile_order -fileset sources_1
close [ open D:/Users/TEMP.PCLABS.001/Desktop/GameOfCodes/GameOfCodes.srcs/sources_1/new/GameModule.sv w ]
add_files D:/Users/TEMP.PCLABS.001/Desktop/GameOfCodes/GameOfCodes.srcs/sources_1/new/GameModule.sv
update_compile_order -fileset sources_1
update_compile_order -fileset sources_1
update_compile_order -fileset sim_1
update_compile_order -fileset sources_1
update_compile_order -fileset sources_1
update_compile_order -fileset sources_1
close [ open D:/Users/TEMP.PCLABS.001/Desktop/GameOfCodes/GameOfCodes.srcs/sources_1/new/Mapping.sv w ]
add_files D:/Users/TEMP.PCLABS.001/Desktop/GameOfCodes/GameOfCodes.srcs/sources_1/new/Mapping.sv
update_compile_order -fileset sources_1
file mkdir D:/Users/TEMP.PCLABS.001/Desktop/GameOfCodes/GameOfCodes.srcs/sim_1/new
set_property SOURCE_SET sources_1 [get_filesets sim_1]
close [ open D:/Users/TEMP.PCLABS.001/Desktop/GameOfCodes/GameOfCodes.srcs/sim_1/new/testPseudoRandom.sv w ]
add_files -fileset sim_1 D:/Users/TEMP.PCLABS.001/Desktop/GameOfCodes/GameOfCodes.srcs/sim_1/new/testPseudoRandom.sv
update_compile_order -fileset sim_1
update_compile_order -fileset sources_1
update_compile_order -fileset sources_1
exit
INFO: [Common 17-206] Exiting Vivado at Sat Dec 16 22:01:35 2017...
