#-----------------------------------------------------------
# Vivado v2015.2 (64-bit)
# SW Build 1266856 on Fri Jun 26 16:35:25 MDT 2015
# IP Build 1264090 on Wed Jun 24 14:22:01 MDT 2015
# Start of session at: Sat Dec 16 22:24:07 2017
# Process ID: 1292
# Log file: D:/Users/TEMP.PCLABS/Desktop/GameOfCodes/vivado.log
# Journal file: D:/Users/TEMP.PCLABS/Desktop/GameOfCodes\vivado.jou
#-----------------------------------------------------------
start_gui
open_project D:/Users/TEMP.PCLABS/Desktop/GameOfCodes/GameOfCodes.xpr
INFO: [Project 1-313] Project file moved from 'D:/Users/TEMP.PCLABS.001/Desktop/GameOfCodes' since last save.
Scanning sources...
Finished scanning sources
INFO: [IP_Flow 19-234] Refreshing IP repositories
INFO: [IP_Flow 19-1704] No user IP repositories specified
INFO: [IP_Flow 19-2313] Loaded Vivado IP repository 'C:/Xilinx/Vivado/2015.2/data/ip'.
update_compile_order -fileset sources_1
update_compile_order -fileset sources_1
update_compile_order -fileset sources_1
update_compile_order -fileset sim_1
update_compile_order -fileset sources_1
update_compile_order -fileset sim_1
update_compile_order -fileset sources_1
update_compile_order -fileset sim_1
launch_runs impl_1
[Sat Dec 16 22:54:45 2017] Launched synth_1...
Run output will be captured here: D:/Users/TEMP.PCLABS/Desktop/GameOfCodes/GameOfCodes.runs/synth_1/runme.log
[Sat Dec 16 22:54:45 2017] Launched impl_1...
Run output will be captured here: D:/Users/TEMP.PCLABS/Desktop/GameOfCodes/GameOfCodes.runs/impl_1/runme.log
close [ open D:/Users/TEMP.PCLABS/Desktop/GameOfCodes/GameOfCodes.srcs/sources_1/new/comperator.sv w ]
add_files D:/Users/TEMP.PCLABS/Desktop/GameOfCodes/GameOfCodes.srcs/sources_1/new/comperator.sv
update_compile_order -fileset sources_1
update_compile_order -fileset sources_1
update_compile_order -fileset sim_1
update_compile_order -fileset sources_1
exit
INFO: [Common 17-206] Exiting Vivado at Sat Dec 16 23:17:59 2017...
